[    1566ms] [ERROR] An empty string ("") was passed to the %s attribute. This may cause the browser to download the whole page again over the network. To fix this, either do not render the element at all or pass null to %s instead of an empty string. src src @ http://localhost:3000/_next/static/chunks/16630_next_dist_aaf84379._.js:2359
[    1567ms] [ERROR] ReactDOM.preload(): Expected two arguments, a non-empty `href` string and an `options` object with an `as` property valid for a `<link rel="preload" as="..." />` tag.%s  The `href` argument encountered was an empty string. @ http://localhost:3000/_next/static/chunks/16630_next_dist_aaf84379._.js:2359
[    1568ms] [ERROR] ReactDOM.preload(): Expected two arguments, a non-empty `href` string and an `options` object with an `as` property valid for a `<link rel="preload" as="..." />` tag.%s  The `href` argument encountered was an empty string. @ http://localhost:3000/_next/static/chunks/16630_next_dist_aaf84379._.js:2359
[    1586ms] [ERROR] An empty string ("") was passed to the %s attribute. This may cause the browser to download the whole page again over the network. To fix this, either do not render the element at all or pass null to %s instead of an empty string. src src @ http://localhost:3000/_next/static/chunks/16630_next_dist_aaf84379._.js:2359
[    1598ms] [ERROR] An empty string ("") was passed to the %s attribute. This may cause the browser to download the whole page again over the network. To fix this, either do not render the element at all or pass null to %s instead of an empty string. src src @ http://localhost:3000/_next/static/chunks/16630_next_dist_aaf84379._.js:2359
[    1643ms] [ERROR] An empty string ("") was passed to the %s attribute. This may cause the browser to download the whole page again over the network. To fix this, either do not render the element at all or pass null to %s instead of an empty string. src src @ http://localhost:3000/_next/static/chunks/16630_next_dist_aaf84379._.js:2359
[    1643ms] [ERROR] ReactDOM.preload(): Expected two arguments, a non-empty `href` string and an `options` object with an `as` property valid for a `<link rel="preload" as="..." />` tag.%s  The `href` argument encountered was an empty string. @ http://localhost:3000/_next/static/chunks/16630_next_dist_aaf84379._.js:2359
[    1644ms] [ERROR] ReactDOM.preload(): Expected two arguments, a non-empty `href` string and an `options` object with an `as` property valid for a `<link rel="preload" as="..." />` tag.%s  The `href` argument encountered was an empty string. @ http://localhost:3000/_next/static/chunks/16630_next_dist_aaf84379._.js:2359
[    1653ms] [ERROR] An empty string ("") was passed to the %s attribute. This may cause the browser to download the whole page again over the network. To fix this, either do not render the element at all or pass null to %s instead of an empty string. src src @ http://localhost:3000/_next/static/chunks/16630_next_dist_aaf84379._.js:2359
[    1663ms] [ERROR] An empty string ("") was passed to the %s attribute. This may cause the browser to download the whole page again over the network. To fix this, either do not render the element at all or pass null to %s instead of an empty string. src src @ http://localhost:3000/_next/static/chunks/16630_next_dist_aaf84379._.js:2359
[    1683ms] [ERROR] Each child in a list should have a unique "key" prop.%s%s See https://react.dev/link/warning-keys for more information. 

Check the render method of `CarouselContent`.  It was passed a child from TestimonialBlock. @ http://localhost:3000/_next/static/chunks/16630_next_dist_aaf84379._.js:2359
[    1688ms] [ERROR] An empty string ("") was passed to the %s attribute. This may cause the browser to download the whole page again over the network. To fix this, either do not render the element at all or pass null to %s instead of an empty string. src src @ http://localhost:3000/_next/static/chunks/16630_next_dist_aaf84379._.js:2359
[    1690ms] [ERROR] An empty string ("") was passed to the %s attribute. This may cause the browser to download the whole page again over the network. To fix this, either do not render the element at all or pass null to %s instead of an empty string. src src @ http://localhost:3000/_next/static/chunks/16630_next_dist_aaf84379._.js:2359
[    1693ms] [ERROR] An empty string ("") was passed to the %s attribute. This may cause the browser to download the whole page again over the network. To fix this, either do not render the element at all or pass null to %s instead of an empty string. src src @ http://localhost:3000/_next/static/chunks/16630_next_dist_aaf84379._.js:2359
[    1696ms] [ERROR] An empty string ("") was passed to the %s attribute. This may cause the browser to download the whole page again over the network. To fix this, either do not render the element at all or pass null to %s instead of an empty string. src src @ http://localhost:3000/_next/static/chunks/16630_next_dist_aaf84379._.js:2359
[    1699ms] [ERROR] An empty string ("") was passed to the %s attribute. This may cause the browser to download the whole page again over the network. To fix this, either do not render the element at all or pass null to %s instead of an empty string. src src @ http://localhost:3000/_next/static/chunks/16630_next_dist_aaf84379._.js:2359
[    1702ms] [ERROR] An empty string ("") was passed to the %s attribute. This may cause the browser to download the whole page again over the network. To fix this, either do not render the element at all or pass null to %s instead of an empty string. src src @ http://localhost:3000/_next/static/chunks/16630_next_dist_aaf84379._.js:2359
[    1718ms] [ERROR] Image is missing required "src" property: JSHandle@node @ http://localhost:3000/_next/static/chunks/16630_next_dist_aaf84379._.js:2359
[    1722ms] [ERROR] Image is missing required "src" property: JSHandle@node @ http://localhost:3000/_next/static/chunks/16630_next_dist_aaf84379._.js:2359
[    1726ms] [ERROR] Image is missing required "src" property: JSHandle@node @ http://localhost:3000/_next/static/chunks/16630_next_dist_aaf84379._.js:2359
[    1729ms] [ERROR] Image is missing required "src" property: JSHandle@node @ http://localhost:3000/_next/static/chunks/16630_next_dist_aaf84379._.js:2359
[    1735ms] [ERROR] Image is missing required "src" property: JSHandle@node @ http://localhost:3000/_next/static/chunks/16630_next_dist_aaf84379._.js:2359
[    1740ms] [ERROR] Image is missing required "src" property: JSHandle@node @ http://localhost:3000/_next/static/chunks/16630_next_dist_aaf84379._.js:2359
[    1746ms] [ERROR] Image is missing required "src" property: JSHandle@node @ http://localhost:3000/_next/static/chunks/16630_next_dist_aaf84379._.js:2359
[    1749ms] [ERROR] Image is missing required "src" property: JSHandle@node @ http://localhost:3000/_next/static/chunks/16630_next_dist_aaf84379._.js:2359
[    1753ms] [ERROR] Image is missing required "src" property: JSHandle@node @ http://localhost:3000/_next/static/chunks/16630_next_dist_aaf84379._.js:2359
[    1762ms] [ERROR] Image is missing required "src" property: JSHandle@node @ http://localhost:3000/_next/static/chunks/16630_next_dist_aaf84379._.js:2359
[    1765ms] [ERROR] Image is missing required "src" property: JSHandle@node @ http://localhost:3000/_next/static/chunks/16630_next_dist_aaf84379._.js:2359
[    1769ms] [ERROR] Image is missing required "src" property: JSHandle@node @ http://localhost:3000/_next/static/chunks/16630_next_dist_aaf84379._.js:2359
[    1771ms] [ERROR] Image is missing required "src" property: JSHandle@node @ http://localhost:3000/_next/static/chunks/16630_next_dist_aaf84379._.js:2359
[    1773ms] [ERROR] Image is missing required "src" property: JSHandle@node @ http://localhost:3000/_next/static/chunks/16630_next_dist_aaf84379._.js:2359
[    1777ms] [ERROR] Image is missing required "src" property: JSHandle@node @ http://localhost:3000/_next/static/chunks/16630_next_dist_aaf84379._.js:2359
[    1780ms] [ERROR] Image is missing required "src" property: JSHandle@node @ http://localhost:3000/_next/static/chunks/16630_next_dist_aaf84379._.js:2359
[    1782ms] [ERROR] Image is missing required "src" property: JSHandle@node @ http://localhost:3000/_next/static/chunks/16630_next_dist_aaf84379._.js:2359
[    1784ms] [ERROR] Image is missing required "src" property: JSHandle@node @ http://localhost:3000/_next/static/chunks/16630_next_dist_aaf84379._.js:2359
[    1902ms] [WARNING] Image with src "" has either width or height modified, but not the other. If you use CSS to change the size of your image, also include the styles 'width: "auto"' or 'height: "auto"' to maintain the aspect ratio. @ http://localhost:3000/_next/static/chunks/16630_next_dist_aaf84379._.js:968
[    4492ms] [ERROR] Failed to load resource: the server responded with a status of 404 (Not Found) @ http://localhost:3000/favicon.ico:0
[  691071ms] [ERROR] An empty string ("") was passed to the %s attribute. This may cause the browser to download the whole page again over the network. To fix this, either do not render the element at all or pass null to %s instead of an empty string. src src @ http://localhost:3000/_next/static/chunks/16630_next_dist_aaf84379._.js:2359
[  691072ms] [ERROR] ReactDOM.preload(): Expected two arguments, a non-empty `href` string and an `options` object with an `as` property valid for a `<link rel="preload" as="..." />` tag.%s  The `href` argument encountered was an empty string. @ http://localhost:3000/_next/static/chunks/16630_next_dist_aaf84379._.js:2359
[  691072ms] [ERROR] ReactDOM.preload(): Expected two arguments, a non-empty `href` string and an `options` object with an `as` property valid for a `<link rel="preload" as="..." />` tag.%s  The `href` argument encountered was an empty string. @ http://localhost:3000/_next/static/chunks/16630_next_dist_aaf84379._.js:2359
[  691087ms] [ERROR] An empty string ("") was passed to the %s attribute. This may cause the browser to download the whole page again over the network. To fix this, either do not render the element at all or pass null to %s instead of an empty string. src src @ http://localhost:3000/_next/static/chunks/16630_next_dist_aaf84379._.js:2359
[  691095ms] [ERROR] An empty string ("") was passed to the %s attribute. This may cause the browser to download the whole page again over the network. To fix this, either do not render the element at all or pass null to %s instead of an empty string. src src @ http://localhost:3000/_next/static/chunks/16630_next_dist_aaf84379._.js:2359
[  691104ms] [ERROR] Each child in a list should have a unique "key" prop.%s%s See https://react.dev/link/warning-keys for more information. 

Check the render method of `CarouselContent`.  It was passed a child from TestimonialBlock. @ http://localhost:3000/_next/static/chunks/16630_next_dist_aaf84379._.js:2359
[  691107ms] [ERROR] An empty string ("") was passed to the %s attribute. This may cause the browser to download the whole page again over the network. To fix this, either do not render the element at all or pass null to %s instead of an empty string. src src @ http://localhost:3000/_next/static/chunks/16630_next_dist_aaf84379._.js:2359
[  691108ms] [ERROR] An empty string ("") was passed to the %s attribute. This may cause the browser to download the whole page again over the network. To fix this, either do not render the element at all or pass null to %s instead of an empty string. src src @ http://localhost:3000/_next/static/chunks/16630_next_dist_aaf84379._.js:2359
[  691110ms] [ERROR] An empty string ("") was passed to the %s attribute. This may cause the browser to download the whole page again over the network. To fix this, either do not render the element at all or pass null to %s instead of an empty string. src src @ http://localhost:3000/_next/static/chunks/16630_next_dist_aaf84379._.js:2359
[  691111ms] [ERROR] An empty string ("") was passed to the %s attribute. This may cause the browser to download the whole page again over the network. To fix this, either do not render the element at all or pass null to %s instead of an empty string. src src @ http://localhost:3000/_next/static/chunks/16630_next_dist_aaf84379._.js:2359
[  691113ms] [ERROR] An empty string ("") was passed to the %s attribute. This may cause the browser to download the whole page again over the network. To fix this, either do not render the element at all or pass null to %s instead of an empty string. src src @ http://localhost:3000/_next/static/chunks/16630_next_dist_aaf84379._.js:2359
[  691114ms] [ERROR] An empty string ("") was passed to the %s attribute. This may cause the browser to download the whole page again over the network. To fix this, either do not render the element at all or pass null to %s instead of an empty string. src src @ http://localhost:3000/_next/static/chunks/16630_next_dist_aaf84379._.js:2359
[  691118ms] [ERROR] Image is missing required "src" property: JSHandle@node @ http://localhost:3000/_next/static/chunks/16630_next_dist_aaf84379._.js:2359
[  691120ms] [ERROR] Image is missing required "src" property: JSHandle@node @ http://localhost:3000/_next/static/chunks/16630_next_dist_aaf84379._.js:2359
[  691122ms] [ERROR] Image is missing required "src" property: JSHandle@node @ http://localhost:3000/_next/static/chunks/16630_next_dist_aaf84379._.js:2359
[  691124ms] [ERROR] Image is missing required "src" property: JSHandle@node @ http://localhost:3000/_next/static/chunks/16630_next_dist_aaf84379._.js:2359
[  691125ms] [ERROR] Image is missing required "src" property: JSHandle@node @ http://localhost:3000/_next/static/chunks/16630_next_dist_aaf84379._.js:2359
[  691127ms] [ERROR] Image is missing required "src" property: JSHandle@node @ http://localhost:3000/_next/static/chunks/16630_next_dist_aaf84379._.js:2359
[  691129ms] [ERROR] Image is missing required "src" property: JSHandle@node @ http://localhost:3000/_next/static/chunks/16630_next_dist_aaf84379._.js:2359
[  691130ms] [ERROR] Image is missing required "src" property: JSHandle@node @ http://localhost:3000/_next/static/chunks/16630_next_dist_aaf84379._.js:2359
[  691132ms] [ERROR] Image is missing required "src" property: JSHandle@node @ http://localhost:3000/_next/static/chunks/16630_next_dist_aaf84379._.js:2359
[  691134ms] [ERROR] Image is missing required "src" property: JSHandle@node @ http://localhost:3000/_next/static/chunks/16630_next_dist_aaf84379._.js:2359
[  691136ms] [ERROR] Image is missing required "src" property: JSHandle@node @ http://localhost:3000/_next/static/chunks/16630_next_dist_aaf84379._.js:2359
[  691137ms] [ERROR] Image is missing required "src" property: JSHandle@node @ http://localhost:3000/_next/static/chunks/16630_next_dist_aaf84379._.js:2359
[  691138ms] [ERROR] Image is missing required "src" property: JSHandle@node @ http://localhost:3000/_next/static/chunks/16630_next_dist_aaf84379._.js:2359
[  691139ms] [ERROR] Image is missing required "src" property: JSHandle@node @ http://localhost:3000/_next/static/chunks/16630_next_dist_aaf84379._.js:2359
[  691140ms] [ERROR] Image is missing required "src" property: JSHandle@node @ http://localhost:3000/_next/static/chunks/16630_next_dist_aaf84379._.js:2359
[  691141ms] [ERROR] Image is missing required "src" property: JSHandle@node @ http://localhost:3000/_next/static/chunks/16630_next_dist_aaf84379._.js:2359
[  691142ms] [ERROR] Image is missing required "src" property: JSHandle@node @ http://localhost:3000/_next/static/chunks/16630_next_dist_aaf84379._.js:2359
[  691143ms] [ERROR] Image is missing required "src" property: JSHandle@node @ http://localhost:3000/_next/static/chunks/16630_next_dist_aaf84379._.js:2359
[  691165ms] [WARNING] Image with src "" has either width or height modified, but not the other. If you use CSS to change the size of your image, also include the styles 'width: "auto"' or 'height: "auto"' to maintain the aspect ratio. @ http://localhost:3000/_next/static/chunks/16630_next_dist_aaf84379._.js:968
[  693566ms] [WARNING] Warning: Missing `Description` or `aria-describedby={undefined}` for {DialogContent}. @ http://localhost:3000/_next/static/chunks/node_modules__pnpm_a018e7c5._.js:9518
[  693572ms] [WARNING] Warning: Missing `Description` or `aria-describedby={undefined}` for {DialogContent}. @ http://localhost:3000/_next/static/chunks/node_modules__pnpm_a018e7c5._.js:9518
[  707635ms] [WARNING] Detected `scroll-behavior: smooth` on the `<html>` element. In a future version, Next.js will no longer automatically disable smooth scrolling during route transitions. To prepare for this change, add `data-scroll-behavior="smooth"` to your <html> element. Learn more: https://nextjs.org/docs/messages/missing-data-scroll-behavior @ http://localhost:3000/_next/static/chunks/16630_next_dist_aaf84379._.js:968
[  707825ms] ReferenceError: heroBlock is not defined
    at _createMdxContent (eval at MDXRemote.useMemo[Content] (http://localhost:3000/_next/static/chunks/node_modules__pnpm_ba31c948._.js:416:39), <anonymous>:13:12)
    at MDXContent (eval at MDXRemote.useMemo[Content] (http://localhost:3000/_next/static/chunks/node_modules__pnpm_ba31c948._.js:416:39), <anonymous>:34:14)
    at Object.react_stack_bottom_frame (http://localhost:3000/_next/static/chunks/16630_next_dist_compiled_react-dom_180a08a4._.js:13072:24)
    at renderWithHooks (http://localhost:3000/_next/static/chunks/16630_next_dist_compiled_react-dom_180a08a4._.js:4091:24)
    at updateFunctionComponent (http://localhost:3000/_next/static/chunks/16630_next_dist_compiled_react-dom_180a08a4._.js:5523:21)
    at beginWork (http://localhost:3000/_next/static/chunks/16630_next_dist_compiled_react-dom_180a08a4._.js:6111:24)
    at runWithFiberInDEV (http://localhost:3000/_next/static/chunks/16630_next_dist_compiled_react-dom_180a08a4._.js:886:74)
    at performUnitOfWork (http://localhost:3000/_next/static/chunks/16630_next_dist_compiled_react-dom_180a08a4._.js:8298:97)
    at workLoopSync (http://localhost:3000/_next/static/chunks/16630_next_dist_compiled_react-dom_180a08a4._.js:8190:40)
    at renderRootSync (http://localhost:3000/_next/static/chunks/16630_next_dist_compiled_react-dom_180a08a4._.js:8173:13)
    at performWorkOnRoot (http://localhost:3000/_next/static/chunks/16630_next_dist_compiled_react-dom_180a08a4._.js:7932:56)
    at performWorkOnRootViaSchedulerTask (http://localhost:3000/_next/static/chunks/16630_next_dist_compiled_react-dom_180a08a4._.js:8882:9)
    at MessagePort.performWorkUntilDeadline (http://localhost:3000/_next/static/chunks/16630_next_dist_compiled_1be7264c._.js:2601:64)
[  720299ms] [ERROR] An empty string ("") was passed to the %s attribute. This may cause the browser to download the whole page again over the network. To fix this, either do not render the element at all or pass null to %s instead of an empty string. src src @ http://localhost:3000/_next/static/chunks/16630_next_dist_aaf84379._.js:2359
[  720300ms] [ERROR] ReactDOM.preload(): Expected two arguments, a non-empty `href` string and an `options` object with an `as` property valid for a `<link rel="preload" as="..." />` tag.%s  The `href` argument encountered was an empty string. @ http://localhost:3000/_next/static/chunks/16630_next_dist_aaf84379._.js:2359
[  720300ms] [ERROR] ReactDOM.preload(): Expected two arguments, a non-empty `href` string and an `options` object with an `as` property valid for a `<link rel="preload" as="..." />` tag.%s  The `href` argument encountered was an empty string. @ http://localhost:3000/_next/static/chunks/16630_next_dist_aaf84379._.js:2359
[  720311ms] [ERROR] An empty string ("") was passed to the %s attribute. This may cause the browser to download the whole page again over the network. To fix this, either do not render the element at all or pass null to %s instead of an empty string. src src @ http://localhost:3000/_next/static/chunks/16630_next_dist_aaf84379._.js:2359
[  720317ms] [ERROR] An empty string ("") was passed to the %s attribute. This may cause the browser to download the whole page again over the network. To fix this, either do not render the element at all or pass null to %s instead of an empty string. src src @ http://localhost:3000/_next/static/chunks/16630_next_dist_aaf84379._.js:2359
[  720327ms] [ERROR] Each child in a list should have a unique "key" prop.%s%s See https://react.dev/link/warning-keys for more information. 

Check the render method of `CarouselContent`.  It was passed a child from TestimonialBlock. @ http://localhost:3000/_next/static/chunks/16630_next_dist_aaf84379._.js:2359
[  720331ms] [ERROR] An empty string ("") was passed to the %s attribute. This may cause the browser to download the whole page again over the network. To fix this, either do not render the element at all or pass null to %s instead of an empty string. src src @ http://localhost:3000/_next/static/chunks/16630_next_dist_aaf84379._.js:2359
[  720332ms] [ERROR] An empty string ("") was passed to the %s attribute. This may cause the browser to download the whole page again over the network. To fix this, either do not render the element at all or pass null to %s instead of an empty string. src src @ http://localhost:3000/_next/static/chunks/16630_next_dist_aaf84379._.js:2359
[  720335ms] [ERROR] An empty string ("") was passed to the %s attribute. This may cause the browser to download the whole page again over the network. To fix this, either do not render the element at all or pass null to %s instead of an empty string. src src @ http://localhost:3000/_next/static/chunks/16630_next_dist_aaf84379._.js:2359
[  720336ms] [ERROR] An empty string ("") was passed to the %s attribute. This may cause the browser to download the whole page again over the network. To fix this, either do not render the element at all or pass null to %s instead of an empty string. src src @ http://localhost:3000/_next/static/chunks/16630_next_dist_aaf84379._.js:2359
[  720339ms] [ERROR] An empty string ("") was passed to the %s attribute. This may cause the browser to download the whole page again over the network. To fix this, either do not render the element at all or pass null to %s instead of an empty string. src src @ http://localhost:3000/_next/static/chunks/16630_next_dist_aaf84379._.js:2359
[  720340ms] [ERROR] An empty string ("") was passed to the %s attribute. This may cause the browser to download the whole page again over the network. To fix this, either do not render the element at all or pass null to %s instead of an empty string. src src @ http://localhost:3000/_next/static/chunks/16630_next_dist_aaf84379._.js:2359
[  720346ms] [ERROR] Image is missing required "src" property: JSHandle@node @ http://localhost:3000/_next/static/chunks/16630_next_dist_aaf84379._.js:2359
[  720349ms] [ERROR] Image is missing required "src" property: JSHandle@node @ http://localhost:3000/_next/static/chunks/16630_next_dist_aaf84379._.js:2359
[  720351ms] [ERROR] Image is missing required "src" property: JSHandle@node @ http://localhost:3000/_next/static/chunks/16630_next_dist_aaf84379._.js:2359
[  720352ms] [ERROR] Image is missing required "src" property: JSHandle@node @ http://localhost:3000/_next/static/chunks/16630_next_dist_aaf84379._.js:2359
[  720354ms] [ERROR] Image is missing required "src" property: JSHandle@node @ http://localhost:3000/_next/static/chunks/16630_next_dist_aaf84379._.js:2359
[  720355ms] [ERROR] Image is missing required "src" property: JSHandle@node @ http://localhost:3000/_next/static/chunks/16630_next_dist_aaf84379._.js:2359
[  720357ms] [ERROR] Image is missing required "src" property: JSHandle@node @ http://localhost:3000/_next/static/chunks/16630_next_dist_aaf84379._.js:2359
[  720359ms] [ERROR] Image is missing required "src" property: JSHandle@node @ http://localhost:3000/_next/static/chunks/16630_next_dist_aaf84379._.js:2359
[  720361ms] [ERROR] Image is missing required "src" property: JSHandle@node @ http://localhost:3000/_next/static/chunks/16630_next_dist_aaf84379._.js:2359
[  720365ms] [ERROR] Image is missing required "src" property: JSHandle@node @ http://localhost:3000/_next/static/chunks/16630_next_dist_aaf84379._.js:2359
[  720367ms] [ERROR] Image is missing required "src" property: JSHandle@node @ http://localhost:3000/_next/static/chunks/16630_next_dist_aaf84379._.js:2359
[  720369ms] [ERROR] Image is missing required "src" property: JSHandle@node @ http://localhost:3000/_next/static/chunks/16630_next_dist_aaf84379._.js:2359
[  720371ms] [ERROR] Image is missing required "src" property: JSHandle@node @ http://localhost:3000/_next/static/chunks/16630_next_dist_aaf84379._.js:2359
[  720373ms] [ERROR] Image is missing required "src" property: JSHandle@node @ http://localhost:3000/_next/static/chunks/16630_next_dist_aaf84379._.js:2359
[  720374ms] [ERROR] Image is missing required "src" property: JSHandle@node @ http://localhost:3000/_next/static/chunks/16630_next_dist_aaf84379._.js:2359
[  720376ms] [ERROR] Image is missing required "src" property: JSHandle@node @ http://localhost:3000/_next/static/chunks/16630_next_dist_aaf84379._.js:2359
[  720378ms] [ERROR] Image is missing required "src" property: JSHandle@node @ http://localhost:3000/_next/static/chunks/16630_next_dist_aaf84379._.js:2359
[  720380ms] [ERROR] Image is missing required "src" property: JSHandle@node @ http://localhost:3000/_next/static/chunks/16630_next_dist_aaf84379._.js:2359
[  720406ms] [WARNING] Image with src "" has either width or height modified, but not the other. If you use CSS to change the size of your image, also include the styles 'width: "auto"' or 'height: "auto"' to maintain the aspect ratio. @ http://localhost:3000/_next/static/chunks/16630_next_dist_aaf84379._.js:968
