[    1798ms] [WARNING] Image with src "/uploads/production/home/4cb082608a5ce534905f2a468e1dd96b9b52d290-2560x318.png" has either width or height modified, but not the other. If you use CSS to change the size of your image, also include the styles 'width: "auto"' or 'height: "auto"' to maintain the aspect ratio. @ http://localhost:3000/_next/static/chunks/16630_next_dist_aaf84379._.js:968
[   64364ms] [WARNING] Image with src "/uploads/production/home/4cb082608a5ce534905f2a468e1dd96b9b52d290-2560x318.png" has either width or height modified, but not the other. If you use CSS to change the size of your image, also include the styles 'width: "auto"' or 'height: "auto"' to maintain the aspect ratio. @ http://localhost:3000/_next/static/chunks/16630_next_dist_aaf84379._.js:968
[   70945ms] [ERROR] Encountered two children with the same key, `%s`. Keys should be unique so that components maintain their identity across updates. Non-unique keys may cause children to be duplicated and/or omitted — the behavior is unsupported and could change in a future version. services @ http://localhost:3000/_next/static/chunks/16630_next_dist_aaf84379._.js:2359
[   70945ms] [ERROR] Encountered two children with the same key, `%s`. Keys should be unique so that components maintain their identity across updates. Non-unique keys may cause children to be duplicated and/or omitted — the behavior is unsupported and could change in a future version. services @ http://localhost:3000/_next/static/chunks/16630_next_dist_aaf84379._.js:2359
[   70945ms] [ERROR] Encountered two children with the same key, `%s`. Keys should be unique so that components maintain their identity across updates. Non-unique keys may cause children to be duplicated and/or omitted — the behavior is unsupported and could change in a future version. services @ http://localhost:3000/_next/static/chunks/16630_next_dist_aaf84379._.js:2359
[   70946ms] [ERROR] Encountered two children with the same key, `%s`. Keys should be unique so that components maintain their identity across updates. Non-unique keys may cause children to be duplicated and/or omitted — the behavior is unsupported and could change in a future version. services @ http://localhost:3000/_next/static/chunks/16630_next_dist_aaf84379._.js:2359
[   70973ms] [ERROR] Encountered two children with the same key, `%s`. Keys should be unique so that components maintain their identity across updates. Non-unique keys may cause children to be duplicated and/or omitted — the behavior is unsupported and could change in a future version. services @ http://localhost:3000/_next/static/chunks/16630_next_dist_aaf84379._.js:2359
[   70973ms] [ERROR] Encountered two children with the same key, `%s`. Keys should be unique so that components maintain their identity across updates. Non-unique keys may cause children to be duplicated and/or omitted — the behavior is unsupported and could change in a future version. services @ http://localhost:3000/_next/static/chunks/16630_next_dist_aaf84379._.js:2359
[   70974ms] [ERROR] Encountered two children with the same key, `%s`. Keys should be unique so that components maintain their identity across updates. Non-unique keys may cause children to be duplicated and/or omitted — the behavior is unsupported and could change in a future version. services @ http://localhost:3000/_next/static/chunks/16630_next_dist_aaf84379._.js:2359
[   70974ms] [ERROR] Encountered two children with the same key, `%s`. Keys should be unique so that components maintain their identity across updates. Non-unique keys may cause children to be duplicated and/or omitted — the behavior is unsupported and could change in a future version. services @ http://localhost:3000/_next/static/chunks/16630_next_dist_aaf84379._.js:2359
[   70986ms] [ERROR] Encountered two children with the same key, `%s`. Keys should be unique so that components maintain their identity across updates. Non-unique keys may cause children to be duplicated and/or omitted — the behavior is unsupported and could change in a future version. services @ http://localhost:3000/_next/static/chunks/16630_next_dist_aaf84379._.js:2359
[   70986ms] [ERROR] Encountered two children with the same key, `%s`. Keys should be unique so that components maintain their identity across updates. Non-unique keys may cause children to be duplicated and/or omitted — the behavior is unsupported and could change in a future version. services @ http://localhost:3000/_next/static/chunks/16630_next_dist_aaf84379._.js:2359
[   70986ms] [ERROR] Encountered two children with the same key, `%s`. Keys should be unique so that components maintain their identity across updates. Non-unique keys may cause children to be duplicated and/or omitted — the behavior is unsupported and could change in a future version. services @ http://localhost:3000/_next/static/chunks/16630_next_dist_aaf84379._.js:2359
[   70987ms] [ERROR] Encountered two children with the same key, `%s`. Keys should be unique so that components maintain their identity across updates. Non-unique keys may cause children to be duplicated and/or omitted — the behavior is unsupported and could change in a future version. services @ http://localhost:3000/_next/static/chunks/16630_next_dist_aaf84379._.js:2359
[   70990ms] [ERROR] Encountered two children with the same key, `%s`. Keys should be unique so that components maintain their identity across updates. Non-unique keys may cause children to be duplicated and/or omitted — the behavior is unsupported and could change in a future version. services @ http://localhost:3000/_next/static/chunks/16630_next_dist_aaf84379._.js:2359
[   70990ms] [ERROR] Encountered two children with the same key, `%s`. Keys should be unique so that components maintain their identity across updates. Non-unique keys may cause children to be duplicated and/or omitted — the behavior is unsupported and could change in a future version. services @ http://localhost:3000/_next/static/chunks/16630_next_dist_aaf84379._.js:2359
[   70990ms] [ERROR] Encountered two children with the same key, `%s`. Keys should be unique so that components maintain their identity across updates. Non-unique keys may cause children to be duplicated and/or omitted — the behavior is unsupported and could change in a future version. services @ http://localhost:3000/_next/static/chunks/16630_next_dist_aaf84379._.js:2359
[   70991ms] [ERROR] Encountered two children with the same key, `%s`. Keys should be unique so that components maintain their identity across updates. Non-unique keys may cause children to be duplicated and/or omitted — the behavior is unsupported and could change in a future version. services @ http://localhost:3000/_next/static/chunks/16630_next_dist_aaf84379._.js:2359
[   71027ms] [ERROR] Encountered two children with the same key, `%s`. Keys should be unique so that components maintain their identity across updates. Non-unique keys may cause children to be duplicated and/or omitted — the behavior is unsupported and could change in a future version. services @ http://localhost:3000/_next/static/chunks/16630_next_dist_aaf84379._.js:2359
[   71028ms] [ERROR] Encountered two children with the same key, `%s`. Keys should be unique so that components maintain their identity across updates. Non-unique keys may cause children to be duplicated and/or omitted — the behavior is unsupported and could change in a future version. services @ http://localhost:3000/_next/static/chunks/16630_next_dist_aaf84379._.js:2359
[   71029ms] [ERROR] Encountered two children with the same key, `%s`. Keys should be unique so that components maintain their identity across updates. Non-unique keys may cause children to be duplicated and/or omitted — the behavior is unsupported and could change in a future version. services @ http://localhost:3000/_next/static/chunks/16630_next_dist_aaf84379._.js:2359
[   71029ms] [ERROR] Encountered two children with the same key, `%s`. Keys should be unique so that components maintain their identity across updates. Non-unique keys may cause children to be duplicated and/or omitted — the behavior is unsupported and could change in a future version. services @ http://localhost:3000/_next/static/chunks/16630_next_dist_aaf84379._.js:2359
[   71447ms] [ERROR] Encountered two children with the same key, `%s`. Keys should be unique so that components maintain their identity across updates. Non-unique keys may cause children to be duplicated and/or omitted — the behavior is unsupported and could change in a future version. services @ http://localhost:3000/_next/static/chunks/16630_next_dist_aaf84379._.js:2359
[   71448ms] [ERROR] Encountered two children with the same key, `%s`. Keys should be unique so that components maintain their identity across updates. Non-unique keys may cause children to be duplicated and/or omitted — the behavior is unsupported and could change in a future version. services @ http://localhost:3000/_next/static/chunks/16630_next_dist_aaf84379._.js:2359
[   71448ms] [ERROR] Encountered two children with the same key, `%s`. Keys should be unique so that components maintain their identity across updates. Non-unique keys may cause children to be duplicated and/or omitted — the behavior is unsupported and could change in a future version. services @ http://localhost:3000/_next/static/chunks/16630_next_dist_aaf84379._.js:2359
[   71448ms] [ERROR] Encountered two children with the same key, `%s`. Keys should be unique so that components maintain their identity across updates. Non-unique keys may cause children to be duplicated and/or omitted — the behavior is unsupported and could change in a future version. services @ http://localhost:3000/_next/static/chunks/16630_next_dist_aaf84379._.js:2359
[   71457ms] [ERROR] Encountered two children with the same key, `%s`. Keys should be unique so that components maintain their identity across updates. Non-unique keys may cause children to be duplicated and/or omitted — the behavior is unsupported and could change in a future version. services @ http://localhost:3000/_next/static/chunks/16630_next_dist_aaf84379._.js:2359
[   71457ms] [ERROR] Encountered two children with the same key, `%s`. Keys should be unique so that components maintain their identity across updates. Non-unique keys may cause children to be duplicated and/or omitted — the behavior is unsupported and could change in a future version. services @ http://localhost:3000/_next/static/chunks/16630_next_dist_aaf84379._.js:2359
[   71458ms] [ERROR] Encountered two children with the same key, `%s`. Keys should be unique so that components maintain their identity across updates. Non-unique keys may cause children to be duplicated and/or omitted — the behavior is unsupported and could change in a future version. services @ http://localhost:3000/_next/static/chunks/16630_next_dist_aaf84379._.js:2359
[   71458ms] [ERROR] Encountered two children with the same key, `%s`. Keys should be unique so that components maintain their identity across updates. Non-unique keys may cause children to be duplicated and/or omitted — the behavior is unsupported and could change in a future version. services @ http://localhost:3000/_next/static/chunks/16630_next_dist_aaf84379._.js:2359
[  338747ms] [WARNING] Image with src "/uploads/production/home/4cb082608a5ce534905f2a468e1dd96b9b52d290-2560x318.png" has either width or height modified, but not the other. If you use CSS to change the size of your image, also include the styles 'width: "auto"' or 'height: "auto"' to maintain the aspect ratio. @ http://localhost:3000/_next/static/chunks/16630_next_dist_aaf84379._.js:968
[  340887ms] [ERROR] Encountered two children with the same key, `%s`. Keys should be unique so that components maintain their identity across updates. Non-unique keys may cause children to be duplicated and/or omitted — the behavior is unsupported and could change in a future version. services @ http://localhost:3000/_next/static/chunks/16630_next_dist_aaf84379._.js:2359
[  340887ms] [ERROR] Encountered two children with the same key, `%s`. Keys should be unique so that components maintain their identity across updates. Non-unique keys may cause children to be duplicated and/or omitted — the behavior is unsupported and could change in a future version. services @ http://localhost:3000/_next/static/chunks/16630_next_dist_aaf84379._.js:2359
[  340888ms] [ERROR] Encountered two children with the same key, `%s`. Keys should be unique so that components maintain their identity across updates. Non-unique keys may cause children to be duplicated and/or omitted — the behavior is unsupported and could change in a future version. services @ http://localhost:3000/_next/static/chunks/16630_next_dist_aaf84379._.js:2359
[  340889ms] [ERROR] Encountered two children with the same key, `%s`. Keys should be unique so that components maintain their identity across updates. Non-unique keys may cause children to be duplicated and/or omitted — the behavior is unsupported and could change in a future version. services @ http://localhost:3000/_next/static/chunks/16630_next_dist_aaf84379._.js:2359
[  340918ms] [ERROR] Encountered two children with the same key, `%s`. Keys should be unique so that components maintain their identity across updates. Non-unique keys may cause children to be duplicated and/or omitted — the behavior is unsupported and could change in a future version. services @ http://localhost:3000/_next/static/chunks/16630_next_dist_aaf84379._.js:2359
[  340919ms] [ERROR] Encountered two children with the same key, `%s`. Keys should be unique so that components maintain their identity across updates. Non-unique keys may cause children to be duplicated and/or omitted — the behavior is unsupported and could change in a future version. services @ http://localhost:3000/_next/static/chunks/16630_next_dist_aaf84379._.js:2359
[  340919ms] [ERROR] Encountered two children with the same key, `%s`. Keys should be unique so that components maintain their identity across updates. Non-unique keys may cause children to be duplicated and/or omitted — the behavior is unsupported and could change in a future version. services @ http://localhost:3000/_next/static/chunks/16630_next_dist_aaf84379._.js:2359
[  340919ms] [ERROR] Encountered two children with the same key, `%s`. Keys should be unique so that components maintain their identity across updates. Non-unique keys may cause children to be duplicated and/or omitted — the behavior is unsupported and could change in a future version. services @ http://localhost:3000/_next/static/chunks/16630_next_dist_aaf84379._.js:2359
[  340928ms] [ERROR] Encountered two children with the same key, `%s`. Keys should be unique so that components maintain their identity across updates. Non-unique keys may cause children to be duplicated and/or omitted — the behavior is unsupported and could change in a future version. services @ http://localhost:3000/_next/static/chunks/16630_next_dist_aaf84379._.js:2359
[  340928ms] [ERROR] Encountered two children with the same key, `%s`. Keys should be unique so that components maintain their identity across updates. Non-unique keys may cause children to be duplicated and/or omitted — the behavior is unsupported and could change in a future version. services @ http://localhost:3000/_next/static/chunks/16630_next_dist_aaf84379._.js:2359
[  340929ms] [ERROR] Encountered two children with the same key, `%s`. Keys should be unique so that components maintain their identity across updates. Non-unique keys may cause children to be duplicated and/or omitted — the behavior is unsupported and could change in a future version. services @ http://localhost:3000/_next/static/chunks/16630_next_dist_aaf84379._.js:2359
[  340929ms] [ERROR] Encountered two children with the same key, `%s`. Keys should be unique so that components maintain their identity across updates. Non-unique keys may cause children to be duplicated and/or omitted — the behavior is unsupported and could change in a future version. services @ http://localhost:3000/_next/static/chunks/16630_next_dist_aaf84379._.js:2359
[  340932ms] [ERROR] Encountered two children with the same key, `%s`. Keys should be unique so that components maintain their identity across updates. Non-unique keys may cause children to be duplicated and/or omitted — the behavior is unsupported and could change in a future version. services @ http://localhost:3000/_next/static/chunks/16630_next_dist_aaf84379._.js:2359
[  340933ms] [ERROR] Encountered two children with the same key, `%s`. Keys should be unique so that components maintain their identity across updates. Non-unique keys may cause children to be duplicated and/or omitted — the behavior is unsupported and could change in a future version. services @ http://localhost:3000/_next/static/chunks/16630_next_dist_aaf84379._.js:2359
[  340933ms] [ERROR] Encountered two children with the same key, `%s`. Keys should be unique so that components maintain their identity across updates. Non-unique keys may cause children to be duplicated and/or omitted — the behavior is unsupported and could change in a future version. services @ http://localhost:3000/_next/static/chunks/16630_next_dist_aaf84379._.js:2359
[  340933ms] [ERROR] Encountered two children with the same key, `%s`. Keys should be unique so that components maintain their identity across updates. Non-unique keys may cause children to be duplicated and/or omitted — the behavior is unsupported and could change in a future version. services @ http://localhost:3000/_next/static/chunks/16630_next_dist_aaf84379._.js:2359
[  340967ms] [ERROR] Encountered two children with the same key, `%s`. Keys should be unique so that components maintain their identity across updates. Non-unique keys may cause children to be duplicated and/or omitted — the behavior is unsupported and could change in a future version. services @ http://localhost:3000/_next/static/chunks/16630_next_dist_aaf84379._.js:2359
[  340968ms] [ERROR] Encountered two children with the same key, `%s`. Keys should be unique so that components maintain their identity across updates. Non-unique keys may cause children to be duplicated and/or omitted — the behavior is unsupported and could change in a future version. services @ http://localhost:3000/_next/static/chunks/16630_next_dist_aaf84379._.js:2359
[  340968ms] [ERROR] Encountered two children with the same key, `%s`. Keys should be unique so that components maintain their identity across updates. Non-unique keys may cause children to be duplicated and/or omitted — the behavior is unsupported and could change in a future version. services @ http://localhost:3000/_next/static/chunks/16630_next_dist_aaf84379._.js:2359
[  340969ms] [ERROR] Encountered two children with the same key, `%s`. Keys should be unique so that components maintain their identity across updates. Non-unique keys may cause children to be duplicated and/or omitted — the behavior is unsupported and could change in a future version. services @ http://localhost:3000/_next/static/chunks/16630_next_dist_aaf84379._.js:2359
[  342200ms] [ERROR] Encountered two children with the same key, `%s`. Keys should be unique so that components maintain their identity across updates. Non-unique keys may cause children to be duplicated and/or omitted — the behavior is unsupported and could change in a future version. services @ http://localhost:3000/_next/static/chunks/16630_next_dist_aaf84379._.js:2359
[  342200ms] [ERROR] Encountered two children with the same key, `%s`. Keys should be unique so that components maintain their identity across updates. Non-unique keys may cause children to be duplicated and/or omitted — the behavior is unsupported and could change in a future version. services @ http://localhost:3000/_next/static/chunks/16630_next_dist_aaf84379._.js:2359
[  342200ms] [ERROR] Encountered two children with the same key, `%s`. Keys should be unique so that components maintain their identity across updates. Non-unique keys may cause children to be duplicated and/or omitted — the behavior is unsupported and could change in a future version. services @ http://localhost:3000/_next/static/chunks/16630_next_dist_aaf84379._.js:2359
[  342201ms] [ERROR] Encountered two children with the same key, `%s`. Keys should be unique so that components maintain their identity across updates. Non-unique keys may cause children to be duplicated and/or omitted — the behavior is unsupported and could change in a future version. services @ http://localhost:3000/_next/static/chunks/16630_next_dist_aaf84379._.js:2359
[  342209ms] [ERROR] Encountered two children with the same key, `%s`. Keys should be unique so that components maintain their identity across updates. Non-unique keys may cause children to be duplicated and/or omitted — the behavior is unsupported and could change in a future version. services @ http://localhost:3000/_next/static/chunks/16630_next_dist_aaf84379._.js:2359
[  342210ms] [ERROR] Encountered two children with the same key, `%s`. Keys should be unique so that components maintain their identity across updates. Non-unique keys may cause children to be duplicated and/or omitted — the behavior is unsupported and could change in a future version. services @ http://localhost:3000/_next/static/chunks/16630_next_dist_aaf84379._.js:2359
[  342210ms] [ERROR] Encountered two children with the same key, `%s`. Keys should be unique so that components maintain their identity across updates. Non-unique keys may cause children to be duplicated and/or omitted — the behavior is unsupported and could change in a future version. services @ http://localhost:3000/_next/static/chunks/16630_next_dist_aaf84379._.js:2359
[  342210ms] [ERROR] Encountered two children with the same key, `%s`. Keys should be unique so that components maintain their identity across updates. Non-unique keys may cause children to be duplicated and/or omitted — the behavior is unsupported and could change in a future version. services @ http://localhost:3000/_next/static/chunks/16630_next_dist_aaf84379._.js:2359
[  923890ms] [WARNING] Image with src "/uploads/production/home/4cb082608a5ce534905f2a468e1dd96b9b52d290-2560x318.png" has either width or height modified, but not the other. If you use CSS to change the size of your image, also include the styles 'width: "auto"' or 'height: "auto"' to maintain the aspect ratio. @ http://localhost:3000/_next/static/chunks/16630_next_dist_aaf84379._.js:968
[  928506ms] [WARNING] Detected `scroll-behavior: smooth` on the `<html>` element. In a future version, Next.js will no longer automatically disable smooth scrolling during route transitions. To prepare for this change, add `data-scroll-behavior="smooth"` to your <html> element. Learn more: https://nextjs.org/docs/messages/missing-data-scroll-behavior @ http://localhost:3000/_next/static/chunks/16630_next_dist_aaf84379._.js:968
[  931668ms] [ERROR] Encountered two children with the same key, `%s`. Keys should be unique so that components maintain their identity across updates. Non-unique keys may cause children to be duplicated and/or omitted — the behavior is unsupported and could change in a future version. services @ http://localhost:3000/_next/static/chunks/16630_next_dist_aaf84379._.js:2359
[  931669ms] [ERROR] Encountered two children with the same key, `%s`. Keys should be unique so that components maintain their identity across updates. Non-unique keys may cause children to be duplicated and/or omitted — the behavior is unsupported and could change in a future version. services @ http://localhost:3000/_next/static/chunks/16630_next_dist_aaf84379._.js:2359
[  931669ms] [ERROR] Encountered two children with the same key, `%s`. Keys should be unique so that components maintain their identity across updates. Non-unique keys may cause children to be duplicated and/or omitted — the behavior is unsupported and could change in a future version. services @ http://localhost:3000/_next/static/chunks/16630_next_dist_aaf84379._.js:2359
[  931670ms] [ERROR] Encountered two children with the same key, `%s`. Keys should be unique so that components maintain their identity across updates. Non-unique keys may cause children to be duplicated and/or omitted — the behavior is unsupported and could change in a future version. services @ http://localhost:3000/_next/static/chunks/16630_next_dist_aaf84379._.js:2359
[  931702ms] [ERROR] Encountered two children with the same key, `%s`. Keys should be unique so that components maintain their identity across updates. Non-unique keys may cause children to be duplicated and/or omitted — the behavior is unsupported and could change in a future version. services @ http://localhost:3000/_next/static/chunks/16630_next_dist_aaf84379._.js:2359
[  931703ms] [ERROR] Encountered two children with the same key, `%s`. Keys should be unique so that components maintain their identity across updates. Non-unique keys may cause children to be duplicated and/or omitted — the behavior is unsupported and could change in a future version. services @ http://localhost:3000/_next/static/chunks/16630_next_dist_aaf84379._.js:2359
[  931703ms] [ERROR] Encountered two children with the same key, `%s`. Keys should be unique so that components maintain their identity across updates. Non-unique keys may cause children to be duplicated and/or omitted — the behavior is unsupported and could change in a future version. services @ http://localhost:3000/_next/static/chunks/16630_next_dist_aaf84379._.js:2359
[  931703ms] [ERROR] Encountered two children with the same key, `%s`. Keys should be unique so that components maintain their identity across updates. Non-unique keys may cause children to be duplicated and/or omitted — the behavior is unsupported and could change in a future version. services @ http://localhost:3000/_next/static/chunks/16630_next_dist_aaf84379._.js:2359
[  931716ms] [ERROR] Encountered two children with the same key, `%s`. Keys should be unique so that components maintain their identity across updates. Non-unique keys may cause children to be duplicated and/or omitted — the behavior is unsupported and could change in a future version. services @ http://localhost:3000/_next/static/chunks/16630_next_dist_aaf84379._.js:2359
[  931716ms] [ERROR] Encountered two children with the same key, `%s`. Keys should be unique so that components maintain their identity across updates. Non-unique keys may cause children to be duplicated and/or omitted — the behavior is unsupported and could change in a future version. services @ http://localhost:3000/_next/static/chunks/16630_next_dist_aaf84379._.js:2359
[  931716ms] [ERROR] Encountered two children with the same key, `%s`. Keys should be unique so that components maintain their identity across updates. Non-unique keys may cause children to be duplicated and/or omitted — the behavior is unsupported and could change in a future version. services @ http://localhost:3000/_next/static/chunks/16630_next_dist_aaf84379._.js:2359
[  931717ms] [ERROR] Encountered two children with the same key, `%s`. Keys should be unique so that components maintain their identity across updates. Non-unique keys may cause children to be duplicated and/or omitted — the behavior is unsupported and could change in a future version. services @ http://localhost:3000/_next/static/chunks/16630_next_dist_aaf84379._.js:2359
[  931720ms] [ERROR] Encountered two children with the same key, `%s`. Keys should be unique so that components maintain their identity across updates. Non-unique keys may cause children to be duplicated and/or omitted — the behavior is unsupported and could change in a future version. services @ http://localhost:3000/_next/static/chunks/16630_next_dist_aaf84379._.js:2359
[  931720ms] [ERROR] Encountered two children with the same key, `%s`. Keys should be unique so that components maintain their identity across updates. Non-unique keys may cause children to be duplicated and/or omitted — the behavior is unsupported and could change in a future version. services @ http://localhost:3000/_next/static/chunks/16630_next_dist_aaf84379._.js:2359
[  931720ms] [ERROR] Encountered two children with the same key, `%s`. Keys should be unique so that components maintain their identity across updates. Non-unique keys may cause children to be duplicated and/or omitted — the behavior is unsupported and could change in a future version. services @ http://localhost:3000/_next/static/chunks/16630_next_dist_aaf84379._.js:2359
[  931721ms] [ERROR] Encountered two children with the same key, `%s`. Keys should be unique so that components maintain their identity across updates. Non-unique keys may cause children to be duplicated and/or omitted — the behavior is unsupported and could change in a future version. services @ http://localhost:3000/_next/static/chunks/16630_next_dist_aaf84379._.js:2359
[  931751ms] [ERROR] Encountered two children with the same key, `%s`. Keys should be unique so that components maintain their identity across updates. Non-unique keys may cause children to be duplicated and/or omitted — the behavior is unsupported and could change in a future version. services @ http://localhost:3000/_next/static/chunks/16630_next_dist_aaf84379._.js:2359
[  931752ms] [ERROR] Encountered two children with the same key, `%s`. Keys should be unique so that components maintain their identity across updates. Non-unique keys may cause children to be duplicated and/or omitted — the behavior is unsupported and could change in a future version. services @ http://localhost:3000/_next/static/chunks/16630_next_dist_aaf84379._.js:2359
[  931752ms] [ERROR] Encountered two children with the same key, `%s`. Keys should be unique so that components maintain their identity across updates. Non-unique keys may cause children to be duplicated and/or omitted — the behavior is unsupported and could change in a future version. services @ http://localhost:3000/_next/static/chunks/16630_next_dist_aaf84379._.js:2359
[  931753ms] [ERROR] Encountered two children with the same key, `%s`. Keys should be unique so that components maintain their identity across updates. Non-unique keys may cause children to be duplicated and/or omitted — the behavior is unsupported and could change in a future version. services @ http://localhost:3000/_next/static/chunks/16630_next_dist_aaf84379._.js:2359
[  937350ms] [ERROR] Encountered two children with the same key, `%s`. Keys should be unique so that components maintain their identity across updates. Non-unique keys may cause children to be duplicated and/or omitted — the behavior is unsupported and could change in a future version. services @ http://localhost:3000/_next/static/chunks/16630_next_dist_aaf84379._.js:2359
[  937351ms] [ERROR] Encountered two children with the same key, `%s`. Keys should be unique so that components maintain their identity across updates. Non-unique keys may cause children to be duplicated and/or omitted — the behavior is unsupported and could change in a future version. services @ http://localhost:3000/_next/static/chunks/16630_next_dist_aaf84379._.js:2359
[  937351ms] [ERROR] Encountered two children with the same key, `%s`. Keys should be unique so that components maintain their identity across updates. Non-unique keys may cause children to be duplicated and/or omitted — the behavior is unsupported and could change in a future version. services @ http://localhost:3000/_next/static/chunks/16630_next_dist_aaf84379._.js:2359
[  937351ms] [ERROR] Encountered two children with the same key, `%s`. Keys should be unique so that components maintain their identity across updates. Non-unique keys may cause children to be duplicated and/or omitted — the behavior is unsupported and could change in a future version. services @ http://localhost:3000/_next/static/chunks/16630_next_dist_aaf84379._.js:2359
[  937365ms] [ERROR] Encountered two children with the same key, `%s`. Keys should be unique so that components maintain their identity across updates. Non-unique keys may cause children to be duplicated and/or omitted — the behavior is unsupported and could change in a future version. services @ http://localhost:3000/_next/static/chunks/16630_next_dist_aaf84379._.js:2359
[  937367ms] [ERROR] Encountered two children with the same key, `%s`. Keys should be unique so that components maintain their identity across updates. Non-unique keys may cause children to be duplicated and/or omitted — the behavior is unsupported and could change in a future version. services @ http://localhost:3000/_next/static/chunks/16630_next_dist_aaf84379._.js:2359
[  937367ms] [ERROR] Encountered two children with the same key, `%s`. Keys should be unique so that components maintain their identity across updates. Non-unique keys may cause children to be duplicated and/or omitted — the behavior is unsupported and could change in a future version. services @ http://localhost:3000/_next/static/chunks/16630_next_dist_aaf84379._.js:2359
[  937368ms] [ERROR] Encountered two children with the same key, `%s`. Keys should be unique so that components maintain their identity across updates. Non-unique keys may cause children to be duplicated and/or omitted — the behavior is unsupported and could change in a future version. services @ http://localhost:3000/_next/static/chunks/16630_next_dist_aaf84379._.js:2359
[ 1091767ms] TypeError: The "path" argument must be of type string. Received an instance of Object
    at resolveErrorDev (http://localhost:3000/_next/static/chunks/16630_next_dist_compiled_1be7264c._.js:4293:48)
    at getOutlinedModel (http://localhost:3000/_next/static/chunks/16630_next_dist_compiled_1be7264c._.js:3901:28)
    at parseModelString (http://localhost:3000/_next/static/chunks/16630_next_dist_compiled_1be7264c._.js:4020:50)
    at Object.<anonymous> (http://localhost:3000/_next/static/chunks/16630_next_dist_compiled_1be7264c._.js:4625:51)
    at JSON.parse (<anonymous>)
    at initializeModelChunk (http://localhost:3000/_next/static/chunks/16630_next_dist_compiled_1be7264c._.js:3583:30)
    at ReactPromise.then (http://localhost:3000/_next/static/chunks/16630_next_dist_compiled_1be7264c._.js:4793:17)
    at trackUsedThenable (http://localhost:3000/_next/static/chunks/16630_next_dist_compiled_react-dom_180a08a4._.js:3334:67)
    at useThenable (http://localhost:3000/_next/static/chunks/16630_next_dist_compiled_react-dom_180a08a4._.js:4231:20)
    at Object.use (http://localhost:3000/_next/static/chunks/16630_next_dist_compiled_react-dom_180a08a4._.js:4238:59)
    at exports.use (http://localhost:3000/_next/static/chunks/16630_next_dist_compiled_1be7264c._.js:1675:36)
    at MetadataOutlet (http://localhost:3000/_next/static/chunks/16630_next_dist_01f1e616._.js:2749:46)
    at Object.react_stack_bottom_frame (http://localhost:3000/_next/static/chunks/16630_next_dist_compiled_react-dom_180a08a4._.js:13072:24)
    at renderWithHooks (http://localhost:3000/_next/static/chunks/16630_next_dist_compiled_react-dom_180a08a4._.js:4091:24)
    at updateFunctionComponent (http://localhost:3000/_next/static/chunks/16630_next_dist_compiled_react-dom_180a08a4._.js:5523:21)
    at beginWork (http://localhost:3000/_next/static/chunks/16630_next_dist_compiled_react-dom_180a08a4._.js:6111:24)
    at runWithFiberInDEV (http://localhost:3000/_next/static/chunks/16630_next_dist_compiled_react-dom_180a08a4._.js:886:74)
    at performUnitOfWork (http://localhost:3000/_next/static/chunks/16630_next_dist_compiled_react-dom_180a08a4._.js:8298:97)
    at workLoopConcurrentByScheduler (http://localhost:3000/_next/static/chunks/16630_next_dist_compiled_react-dom_180a08a4._.js:8294:58)
    at renderRootConcurrent (http://localhost:3000/_next/static/chunks/16630_next_dist_compiled_react-dom_180a08a4._.js:8276:71)
    at performWorkOnRoot (http://localhost:3000/_next/static/chunks/16630_next_dist_compiled_react-dom_180a08a4._.js:7908:176)
    at performWorkOnRootViaSchedulerTask (http://localhost:3000/_next/static/chunks/16630_next_dist_compiled_react-dom_180a08a4._.js:8882:9)
    at MessagePort.performWorkUntilDeadline (http://localhost:3000/_next/static/chunks/16630_next_dist_compiled_1be7264c._.js:2601:64)
[ 1265333ms] [WARNING] Image with src "/uploads/production/services/5f21d7525e86a3b12d4dcb34d4046440919b3b79-1920x1280.jpg" was detected as the Largest Contentful Paint (LCP). Please add the "priority" property if this image is above the fold.
Read more: https://nextjs.org/docs/api-reference/next/image#priority @ http://localhost:3000/_next/static/chunks/16630_next_dist_aaf84379._.js:968
[ 1265395ms] TypeError: The "path" argument must be of type string. Received an instance of Object
    at resolveErrorDev (http://localhost:3000/_next/static/chunks/16630_next_dist_compiled_1be7264c._.js:4293:48)
    at getOutlinedModel (http://localhost:3000/_next/static/chunks/16630_next_dist_compiled_1be7264c._.js:3901:28)
    at parseModelString (http://localhost:3000/_next/static/chunks/16630_next_dist_compiled_1be7264c._.js:4020:50)
    at Object.<anonymous> (http://localhost:3000/_next/static/chunks/16630_next_dist_compiled_1be7264c._.js:4625:51)
    at JSON.parse (<anonymous>)
    at initializeModelChunk (http://localhost:3000/_next/static/chunks/16630_next_dist_compiled_1be7264c._.js:3583:30)
    at ReactPromise.then (http://localhost:3000/_next/static/chunks/16630_next_dist_compiled_1be7264c._.js:4793:17)
    at trackUsedThenable (http://localhost:3000/_next/static/chunks/16630_next_dist_compiled_react-dom_180a08a4._.js:3334:67)
    at useThenable (http://localhost:3000/_next/static/chunks/16630_next_dist_compiled_react-dom_180a08a4._.js:4231:20)
    at Object.use (http://localhost:3000/_next/static/chunks/16630_next_dist_compiled_react-dom_180a08a4._.js:4238:59)
    at exports.use (http://localhost:3000/_next/static/chunks/16630_next_dist_compiled_1be7264c._.js:1675:36)
    at MetadataOutlet (http://localhost:3000/_next/static/chunks/16630_next_dist_01f1e616._.js:2749:46)
    at Object.react_stack_bottom_frame (http://localhost:3000/_next/static/chunks/16630_next_dist_compiled_react-dom_180a08a4._.js:13072:24)
    at renderWithHooks (http://localhost:3000/_next/static/chunks/16630_next_dist_compiled_react-dom_180a08a4._.js:4091:24)
    at updateFunctionComponent (http://localhost:3000/_next/static/chunks/16630_next_dist_compiled_react-dom_180a08a4._.js:5523:21)
    at beginWork (http://localhost:3000/_next/static/chunks/16630_next_dist_compiled_react-dom_180a08a4._.js:6111:24)
    at runWithFiberInDEV (http://localhost:3000/_next/static/chunks/16630_next_dist_compiled_react-dom_180a08a4._.js:886:74)
    at performUnitOfWork (http://localhost:3000/_next/static/chunks/16630_next_dist_compiled_react-dom_180a08a4._.js:8298:97)
    at workLoopSync (http://localhost:3000/_next/static/chunks/16630_next_dist_compiled_react-dom_180a08a4._.js:8190:40)
    at renderRootSync (http://localhost:3000/_next/static/chunks/16630_next_dist_compiled_react-dom_180a08a4._.js:8173:13)
    at performWorkOnRoot (http://localhost:3000/_next/static/chunks/16630_next_dist_compiled_react-dom_180a08a4._.js:7908:212)
    at performSyncWorkOnRoot (http://localhost:3000/_next/static/chunks/16630_next_dist_compiled_react-dom_180a08a4._.js:8890:9)
    at flushSyncWorkAcrossRoots_impl (http://localhost:3000/_next/static/chunks/16630_next_dist_compiled_react-dom_180a08a4._.js:8809:316)
    at flushSpawnedWork (http://localhost:3000/_next/static/chunks/16630_next_dist_compiled_react-dom_180a08a4._.js:8586:13)
    at commitRoot (http://localhost:3000/_next/static/chunks/16630_next_dist_compiled_react-dom_180a08a4._.js:8447:13)
    at commitRootWhenReady (http://localhost:3000/_next/static/chunks/16630_next_dist_compiled_react-dom_180a08a4._.js:8005:9)
    at performWorkOnRoot (http://localhost:3000/_next/static/chunks/16630_next_dist_compiled_react-dom_180a08a4._.js:7983:25)
    at performWorkOnRootViaSchedulerTask (http://localhost:3000/_next/static/chunks/16630_next_dist_compiled_react-dom_180a08a4._.js:8882:9)
    at MessagePort.performWorkUntilDeadline (http://localhost:3000/_next/static/chunks/16630_next_dist_compiled_1be7264c._.js:2601:64)
[ 1487294ms] TypeError: The "path" argument must be of type string. Received an instance of Object
    at resolveErrorDev (http://localhost:3000/_next/static/chunks/16630_next_dist_compiled_1be7264c._.js:4293:48)
    at getOutlinedModel (http://localhost:3000/_next/static/chunks/16630_next_dist_compiled_1be7264c._.js:3901:28)
    at parseModelString (http://localhost:3000/_next/static/chunks/16630_next_dist_compiled_1be7264c._.js:4020:50)
    at Object.<anonymous> (http://localhost:3000/_next/static/chunks/16630_next_dist_compiled_1be7264c._.js:4625:51)
    at JSON.parse (<anonymous>)
    at initializeModelChunk (http://localhost:3000/_next/static/chunks/16630_next_dist_compiled_1be7264c._.js:3583:30)
    at ReactPromise.then (http://localhost:3000/_next/static/chunks/16630_next_dist_compiled_1be7264c._.js:4793:17)
    at trackUsedThenable (http://localhost:3000/_next/static/chunks/16630_next_dist_compiled_react-dom_180a08a4._.js:3334:67)
    at useThenable (http://localhost:3000/_next/static/chunks/16630_next_dist_compiled_react-dom_180a08a4._.js:4231:20)
    at Object.use (http://localhost:3000/_next/static/chunks/16630_next_dist_compiled_react-dom_180a08a4._.js:4238:59)
    at exports.use (http://localhost:3000/_next/static/chunks/16630_next_dist_compiled_1be7264c._.js:1675:36)
    at MetadataOutlet (http://localhost:3000/_next/static/chunks/16630_next_dist_01f1e616._.js:2749:46)
    at Object.react_stack_bottom_frame (http://localhost:3000/_next/static/chunks/16630_next_dist_compiled_react-dom_180a08a4._.js:13072:24)
    at renderWithHooks (http://localhost:3000/_next/static/chunks/16630_next_dist_compiled_react-dom_180a08a4._.js:4091:24)
    at updateFunctionComponent (http://localhost:3000/_next/static/chunks/16630_next_dist_compiled_react-dom_180a08a4._.js:5523:21)
    at beginWork (http://localhost:3000/_next/static/chunks/16630_next_dist_compiled_react-dom_180a08a4._.js:6111:24)
    at runWithFiberInDEV (http://localhost:3000/_next/static/chunks/16630_next_dist_compiled_react-dom_180a08a4._.js:886:74)
    at performUnitOfWork (http://localhost:3000/_next/static/chunks/16630_next_dist_compiled_react-dom_180a08a4._.js:8298:97)
    at workLoopSync (http://localhost:3000/_next/static/chunks/16630_next_dist_compiled_react-dom_180a08a4._.js:8190:40)
    at renderRootSync (http://localhost:3000/_next/static/chunks/16630_next_dist_compiled_react-dom_180a08a4._.js:8173:13)
    at performWorkOnRoot (http://localhost:3000/_next/static/chunks/16630_next_dist_compiled_react-dom_180a08a4._.js:7908:212)
    at performSyncWorkOnRoot (http://localhost:3000/_next/static/chunks/16630_next_dist_compiled_react-dom_180a08a4._.js:8890:9)
    at flushSyncWorkAcrossRoots_impl (http://localhost:3000/_next/static/chunks/16630_next_dist_compiled_react-dom_180a08a4._.js:8809:316)
    at flushSpawnedWork (http://localhost:3000/_next/static/chunks/16630_next_dist_compiled_react-dom_180a08a4._.js:8586:13)
    at commitRoot (http://localhost:3000/_next/static/chunks/16630_next_dist_compiled_react-dom_180a08a4._.js:8447:13)
    at commitRootWhenReady (http://localhost:3000/_next/static/chunks/16630_next_dist_compiled_react-dom_180a08a4._.js:8005:9)
    at performWorkOnRoot (http://localhost:3000/_next/static/chunks/16630_next_dist_compiled_react-dom_180a08a4._.js:7983:25)
    at performWorkOnRootViaSchedulerTask (http://localhost:3000/_next/static/chunks/16630_next_dist_compiled_react-dom_180a08a4._.js:8882:9)
    at MessagePort.performWorkUntilDeadline (http://localhost:3000/_next/static/chunks/16630_next_dist_compiled_1be7264c._.js:2601:64)
[ 1720245ms] [WARNING] [Fast Refresh] performing full reload because your application had an unrecoverable error @ http://localhost:3000/_next/static/chunks/16630_next_dist_client_f0d1064a._.js:6282
[ 1721550ms] [WARNING] %c%s%c  [33m[1m⚠[22m[39m metadataBase property in metadata export is not set for resolving social open graph or twitter images, using "http://localhost:3000". See https://nextjs.org/docs/app/api-reference/functions/generate-metadata#metadatabase background: #e6e6e6;background: light-dark(rgba(0,0,0,0.1), rgba(255,255,255,0.25));color: #000000;color: light-dark(#000000, #ffffff);border-radius: 2px  Server   @ http://localhost:3000/_next/static/chunks/16630_next_dist_compiled_1be7264c._.js:4859
[ 1721766ms] [WARNING] Image with src "/uploads/production/home/4cb082608a5ce534905f2a468e1dd96b9b52d290-2560x318.png" has either width or height modified, but not the other. If you use CSS to change the size of your image, also include the styles 'width: "auto"' or 'height: "auto"' to maintain the aspect ratio. @ http://localhost:3000/_next/static/chunks/16630_next_dist_aaf84379._.js:968
[ 1771572ms] [WARNING] Image with src "/uploads/production/services/5f21d7525e86a3b12d4dcb34d4046440919b3b79-1920x1280.jpg" was detected as the Largest Contentful Paint (LCP). Please add the "priority" property if this image is above the fold.
Read more: https://nextjs.org/docs/api-reference/next/image#priority @ http://localhost:3000/_next/static/chunks/16630_next_dist_aaf84379._.js:968
[ 1775766ms] [WARNING] Image with src "/uploads/production/services/5f21d7525e86a3b12d4dcb34d4046440919b3b79-1920x1280.jpg" was detected as the Largest Contentful Paint (LCP). Please add the "priority" property if this image is above the fold.
Read more: https://nextjs.org/docs/api-reference/next/image#priority @ http://localhost:3000/_next/static/chunks/16630_next_dist_aaf84379._.js:968
[ 1775810ms] [WARNING] Image with src "/uploads/production/home/4cb082608a5ce534905f2a468e1dd96b9b52d290-2560x318.png" has either width or height modified, but not the other. If you use CSS to change the size of your image, also include the styles 'width: "auto"' or 'height: "auto"' to maintain the aspect ratio. @ http://localhost:3000/_next/static/chunks/16630_next_dist_aaf84379._.js:968
[ 2341965ms] [WARNING] Image with src "/uploads/production/home/4cb082608a5ce534905f2a468e1dd96b9b52d290-2560x318.png" has either width or height modified, but not the other. If you use CSS to change the size of your image, also include the styles 'width: "auto"' or 'height: "auto"' to maintain the aspect ratio. @ http://localhost:3000/_next/static/chunks/16630_next_dist_aaf84379._.js:968
[ 2623025ms] [WARNING] Detected `scroll-behavior: smooth` on the `<html>` element. In a future version, Next.js will no longer automatically disable smooth scrolling during route transitions. To prepare for this change, add `data-scroll-behavior="smooth"` to your <html> element. Learn more: https://nextjs.org/docs/messages/missing-data-scroll-behavior @ http://localhost:3000/_next/static/chunks/16630_next_dist_aaf84379._.js:968
