[    1538ms] [ERROR] Each child in a list should have a unique "key" prop.%s%s See https://react.dev/link/warning-keys for more information. 

Check the render method of `CarouselContent`.  It was passed a child from TestimonialBlock. @ http://localhost:3001/_next/static/chunks/16630_next_dist_aaf84379._.js:2359
[    1726ms] [WARNING] Image with src "/assets/placeholder-cover.jpg" has either width or height modified, but not the other. If you use CSS to change the size of your image, also include the styles 'width: "auto"' or 'height: "auto"' to maintain the aspect ratio. @ http://localhost:3001/_next/static/chunks/16630_next_dist_aaf84379._.js:968
[  304510ms] [ERROR] Failed to load resource: the server responded with a status of 500 (Internal Server Error) @ http://localhost:3001/:0
[  324277ms] [ERROR] Failed to load resource: the server responded with a status of 500 (Internal Server Error) @ http://localhost:3000/:0
[  351948ms] [ERROR] Failed to load resource: the server responded with a status of 500 (Internal Server Error) @ http://localhost:3000/:0
[  352325ms] Error: Cannot find module '../chunks/ssr/[turbopack]_runtime.js'
Require stack:
- /home/mastethepixel/GitHub/sanitycms_masterthepixel/.next/server/pages/_document.js
- /home/mastethepixel/GitHub/sanitycms_masterthepixel/node_modules/.pnpm/next@15.5.9_@babel+core@7.29.0_@playwright+test@1.57.0_babel-plugin-react-compiler@1.0._b293b959dd5d72a8532b63b094f98e91/node_modules/next/dist/server/require.js
- /home/mastethepixel/GitHub/sanitycms_masterthepixel/node_modules/.pnpm/next@15.5.9_@babel+core@7.29.0_@playwright+test@1.57.0_babel-plugin-react-compiler@1.0._b293b959dd5d72a8532b63b094f98e91/node_modules/next/dist/server/load-components.js
- /home/mastethepixel/GitHub/sanitycms_masterthepixel/node_modules/.pnpm/next@15.5.9_@babel+core@7.29.0_@playwright+test@1.57.0_babel-plugin-react-compiler@1.0._b293b959dd5d72a8532b63b094f98e91/node_modules/next/dist/build/utils.js
- /home/mastethepixel/GitHub/sanitycms_masterthepixel/node_modules/.pnpm/next@15.5.9_@babel+core@7.29.0_@playwright+test@1.57.0_babel-plugin-react-compiler@1.0._b293b959dd5d72a8532b63b094f98e91/node_modules/next/dist/build/swc/options.js
- /home/mastethepixel/GitHub/sanitycms_masterthepixel/node_modules/.pnpm/next@15.5.9_@babel+core@7.29.0_@playwright+test@1.57.0_babel-plugin-react-compiler@1.0._b293b959dd5d72a8532b63b094f98e91/node_modules/next/dist/build/swc/index.js
- /home/mastethepixel/GitHub/sanitycms_masterthepixel/node_modules/.pnpm/next@15.5.9_@babel+core@7.29.0_@playwright+test@1.57.0_babel-plugin-react-compiler@1.0._b293b959dd5d72a8532b63b094f98e91/node_modules/next/dist/build/next-config-ts/transpile-config.js
- /home/mastethepixel/GitHub/sanitycms_masterthepixel/node_modules/.pnpm/next@15.5.9_@babel+core@7.29.0_@playwright+test@1.57.0_babel-plugin-react-compiler@1.0._b293b959dd5d72a8532b63b094f98e91/node_modules/next/dist/server/config.js
- /home/mastethepixel/GitHub/sanitycms_masterthepixel/node_modules/.pnpm/next@15.5.9_@babel+core@7.29.0_@playwright+test@1.57.0_babel-plugin-react-compiler@1.0._b293b959dd5d72a8532b63b094f98e91/node_modules/next/dist/server/next.js
- /home/mastethepixel/GitHub/sanitycms_masterthepixel/node_modules/.pnpm/next@15.5.9_@babel+core@7.29.0_@playwright+test@1.57.0_babel-plugin-react-compiler@1.0._b293b959dd5d72a8532b63b094f98e91/node_modules/next/dist/server/lib/start-server.js
    at Module.<anonymous> (node:internal/modules/cjs/loader:1421:15)
    at <unknown> (file:///home/mastethepixel/GitHub/sanitycms_masterthepixel/node_modules/.pnpm/next@15.5.9_@babel+core@7.29.0_@playwright+test@1.57.0_babel-plugin-react-compiler@1.0._b293b959dd5d72a8532b63b094f98e91/node_modules/next/dist/server/require-hook.js:57:36)
    at defaultResolveImpl (node:internal/modules/cjs/loader:1059:19)
    at resolveForCJSWithHooks (node:internal/modules/cjs/loader:1064:22)
    at Module._load (node:internal/modules/cjs/loader:1227:37)
    at TracingChannel.traceSync (node:diagnostics_channel:328:14)
    at wrapModuleLoad (node:internal/modules/cjs/loader:245:24)
    at Module.<anonymous> (node:internal/modules/cjs/loader:1504:12)
    at mod.require (file:///home/mastethepixel/GitHub/sanitycms_masterthepixel/node_modules/.pnpm/next@15.5.9_@babel+core@7.29.0_@playwright+test@1.57.0_babel-plugin-react-compiler@1.0._b293b959dd5d72a8532b63b094f98e91/node_modules/next/dist/server/require-hook.js:68:28)
    at require (node:internal/modules/helpers:152:16)
    at Object.<anonymous> (file:///home/mastethepixel/GitHub/sanitycms_masterthepixel/.next/server/pages/_document.js:1:7)
    at Module._compile (node:internal/modules/cjs/loader:1761:14)
    at Object..js (node:internal/modules/cjs/loader:1893:10)
    at Module.load (node:internal/modules/cjs/loader:1481:32)
    at Module._load (node:internal/modules/cjs/loader:1300:12)
    at TracingChannel.traceSync (node:diagnostics_channel:328:14)
    at wrapModuleLoad (node:internal/modules/cjs/loader:245:24)
    at Module.<anonymous> (node:internal/modules/cjs/loader:1504:12)
    at mod.require (file:///home/mastethepixel/GitHub/sanitycms_masterthepixel/node_modules/.pnpm/next@15.5.9_@babel+core@7.29.0_@playwright+test@1.57.0_babel-plugin-react-compiler@1.0._b293b959dd5d72a8532b63b094f98e91/node_modules/next/dist/server/require-hook.js:68:28)
    at require (node:internal/modules/helpers:152:16)
    at requirePage (file:///home/mastethepixel/GitHub/sanitycms_masterthepixel/node_modules/.pnpm/next@15.5.9_@babel+core@7.29.0_@playwright+test@1.57.0_babel-plugin-react-compiler@1.0._b293b959dd5d72a8532b63b094f98e91/node_modules/next/dist/server/require.js:99:80)
    at loadComponentsImpl (file:///home/mastethepixel/GitHub/sanitycms_masterthepixel/node_modules/.pnpm/next@15.5.9_@babel+core@7.29.0_@playwright+test@1.57.0_babel-plugin-react-compiler@1.0._b293b959dd5d72a8532b63b094f98e91/node_modules/next/dist/server/load-components.js:86:38)
    at DevServer.findPageComponentsImpl (file:///home/mastethepixel/GitHub/sanitycms_masterthepixel/node_modules/.pnpm/next@15.5.9_@babel+core@7.29.0_@playwright+test@1.57.0_babel-plugin-react-compiler@1.0._b293b959dd5d72a8532b63b094f98e91/node_modules/next/dist/server/next-server.js:899:77)
    at <unknown> (file:///home/mastethepixel/GitHub/sanitycms_masterthepixel/node_modules/.pnpm/next@15.5.9_@babel+core@7.29.0_@playwright+test@1.57.0_babel-plugin-react-compiler@1.0._b293b959dd5d72a8532b63b094f98e91/node_modules/next/dist/server/next-server.js:877:21)
    at <unknown> (file:///home/mastethepixel/GitHub/sanitycms_masterthepixel/node_modules/.pnpm/next@15.5.9_@babel+core@7.29.0_@playwright+test@1.57.0_babel-plugin-react-compiler@1.0._b293b959dd5d72a8532b63b094f98e91/node_modules/next/dist/server/lib/trace/tracer.js:170:36)
    at NoopContextManager.with (file:///home/mastethepixel/GitHub/sanitycms_masterthepixel/node_modules/.pnpm/next@15.5.9_@babel+core@7.29.0_@playwright+test@1.57.0_babel-plugin-react-compiler@1.0._b293b959dd5d72a8532b63b094f98e91/node_modules/next/dist/compiled/@opentelemetry/api/index.js:1:7062)
    at ContextAPI.with (file:///home/mastethepixel/GitHub/sanitycms_masterthepixel/node_modules/.pnpm/next@15.5.9_@babel+core@7.29.0_@playwright+test@1.57.0_babel-plugin-react-compiler@1.0._b293b959dd5d72a8532b63b094f98e91/node_modules/next/dist/compiled/@opentelemetry/api/index.js:1:518)
    at NoopTracer.startActiveSpan (file:///home/mastethepixel/GitHub/sanitycms_masterthepixel/node_modules/.pnpm/next@15.5.9_@babel+core@7.29.0_@playwright+test@1.57.0_babel-plugin-react-compiler@1.0._b293b959dd5d72a8532b63b094f98e91/node_modules/next/dist/compiled/@opentelemetry/api/index.js:1:18093)
    at ProxyTracer.startActiveSpan (file:///home/mastethepixel/GitHub/sanitycms_masterthepixel/node_modules/.pnpm/next@15.5.9_@babel+core@7.29.0_@playwright+test@1.57.0_babel-plugin-react-compiler@1.0._b293b959dd5d72a8532b63b094f98e91/node_modules/next/dist/compiled/@opentelemetry/api/index.js:1:18854)
    at <unknown> (file:///home/mastethepixel/GitHub/sanitycms_masterthepixel/node_modules/.pnpm/next@15.5.9_@babel+core@7.29.0_@playwright+test@1.57.0_babel-plugin-react-compiler@1.0._b293b959dd5d72a8532b63b094f98e91/node_modules/next/dist/server/lib/trace/tracer.js:152:103)
    at NoopContextManager.with (file:///home/mastethepixel/GitHub/sanitycms_masterthepixel/node_modules/.pnpm/next@15.5.9_@babel+core@7.29.0_@playwright+test@1.57.0_babel-plugin-react-compiler@1.0._b293b959dd5d72a8532b63b094f98e91/node_modules/next/dist/compiled/@opentelemetry/api/index.js:1:7062)
    at ContextAPI.with (file:///home/mastethepixel/GitHub/sanitycms_masterthepixel/node_modules/.pnpm/next@15.5.9_@babel+core@7.29.0_@playwright+test@1.57.0_babel-plugin-react-compiler@1.0._b293b959dd5d72a8532b63b094f98e91/node_modules/next/dist/compiled/@opentelemetry/api/index.js:1:518)
    at NextTracerImpl.trace (file:///home/mastethepixel/GitHub/sanitycms_masterthepixel/node_modules/.pnpm/next@15.5.9_@babel+core@7.29.0_@playwright+test@1.57.0_babel-plugin-react-compiler@1.0._b293b959dd5d72a8532b63b094f98e91/node_modules/next/dist/server/lib/trace/tracer.js:152:28)
    at DevServer.findPageComponents (file:///home/mastethepixel/GitHub/sanitycms_masterthepixel/node_modules/.pnpm/next@15.5.9_@babel+core@7.29.0_@playwright+test@1.57.0_babel-plugin-react-compiler@1.0._b293b959dd5d72a8532b63b094f98e91/node_modules/next/dist/server/next-server.js:872:41)
    at DevServer.findPageComponents (file:///home/mastethepixel/GitHub/sanitycms_masterthepixel/node_modules/.pnpm/next@15.5.9_@babel+core@7.29.0_@playwright+test@1.57.0_babel-plugin-react-compiler@1.0._b293b959dd5d72a8532b63b094f98e91/node_modules/next/dist/server/dev/next-dev-server.js:705:28)
    at async DevServer.renderErrorToResponseImpl (file:///home/mastethepixel/GitHub/sanitycms_masterthepixel/node_modules/.pnpm/next@15.5.9_@babel+core@7.29.0_@playwright+test@1.57.0_babel-plugin-react-compiler@1.0._b293b959dd5d72a8532b63b094f98e91/node_modules/next/dist/server/base-server.js:1687:26)
    at async pipe.req.req (file:///home/mastethepixel/GitHub/sanitycms_masterthepixel/node_modules/.pnpm/next@15.5.9_@babel+core@7.29.0_@playwright+test@1.57.0_babel-plugin-react-compiler@1.0._b293b959dd5d72a8532b63b094f98e91/node_modules/next/dist/server/base-server.js:1610:30)
    at async DevServer.pipeImpl (file:///home/mastethepixel/GitHub/sanitycms_masterthepixel/node_modules/.pnpm/next@15.5.9_@babel+core@7.29.0_@playwright+test@1.57.0_babel-plugin-react-compiler@1.0._b293b959dd5d72a8532b63b094f98e91/node_modules/next/dist/server/base-server.js:1025:25)
    at async NextNodeServer.handleCatchallRenderRequest (file:///home/mastethepixel/GitHub/sanitycms_masterthepixel/node_modules/.pnpm/next@15.5.9_@babel+core@7.29.0_@playwright+test@1.57.0_babel-plugin-react-compiler@1.0._b293b959dd5d72a8532b63b094f98e91/node_modules/next/dist/server/next-server.js:408:21)
    at async DevServer.handleRequestImpl (file:///home/mastethepixel/GitHub/sanitycms_masterthepixel/node_modules/.pnpm/next@15.5.9_@babel+core@7.29.0_@playwright+test@1.57.0_babel-plugin-react-compiler@1.0._b293b959dd5d72a8532b63b094f98e91/node_modules/next/dist/server/base-server.js:916:17)
    at async (file:///home/mastethepixel/GitHub/sanitycms_masterthepixel/node_modules/.pnpm/next@15.5.9_@babel+core@7.29.0_@playwright+test@1.57.0_babel-plugin-react-compiler@1.0._b293b959dd5d72a8532b63b094f98e91/node_modules/next/dist/server/dev/next-dev-server.js:399:20)
    at async Span.traceAsyncFn (file:///home/mastethepixel/GitHub/sanitycms_masterthepixel/node_modules/.pnpm/next@15.5.9_@babel+core@7.29.0_@playwright+test@1.57.0_babel-plugin-react-compiler@1.0._b293b959dd5d72a8532b63b094f98e91/node_modules/next/dist/trace/trace.js:157:20)
    at async DevServer.handleRequest (file:///home/mastethepixel/GitHub/sanitycms_masterthepixel/node_modules/.pnpm/next@15.5.9_@babel+core@7.29.0_@playwright+test@1.57.0_babel-plugin-react-compiler@1.0._b293b959dd5d72a8532b63b094f98e91/node_modules/next/dist/server/dev/next-dev-server.js:395:24)
    at async invokeRender (file:///home/mastethepixel/GitHub/sanitycms_masterthepixel/node_modules/.pnpm/next@15.5.9_@babel+core@7.29.0_@playwright+test@1.57.0_babel-plugin-react-compiler@1.0._b293b959dd5d72a8532b63b094f98e91/node_modules/next/dist/server/lib/router-server.js:240:21)
    at async handleRequest (file:///home/mastethepixel/GitHub/sanitycms_masterthepixel/node_modules/.pnpm/next@15.5.9_@babel+core@7.29.0_@playwright+test@1.57.0_babel-plugin-react-compiler@1.0._b293b959dd5d72a8532b63b094f98e91/node_modules/next/dist/server/lib/router-server.js:437:24)
    at async requestHandlerImpl (file:///home/mastethepixel/GitHub/sanitycms_masterthepixel/node_modules/.pnpm/next@15.5.9_@babel+core@7.29.0_@playwright+test@1.57.0_babel-plugin-react-compiler@1.0._b293b959dd5d72a8532b63b094f98e91/node_modules/next/dist/server/lib/router-server.js:485:13)
    at async Server.requestListener (file:///home/mastethepixel/GitHub/sanitycms_masterthepixel/node_modules/.pnpm/next@15.5.9_@babel+core@7.29.0_@playwright+test@1.57.0_babel-plugin-react-compiler@1.0._b293b959dd5d72a8532b63b094f98e91/node_modules/next/dist/server/lib/start-server.js:226:13)
[  357628ms] [ERROR] Failed to load resource: the server responded with a status of 500 (Internal Server Error) @ http://localhost:3000/:0
[  357942ms] Error: Cannot find module '../chunks/ssr/[turbopack]_runtime.js'
Require stack:
- /home/mastethepixel/GitHub/sanitycms_masterthepixel/.next/server/pages/_document.js
- /home/mastethepixel/GitHub/sanitycms_masterthepixel/node_modules/.pnpm/next@15.5.9_@babel+core@7.29.0_@playwright+test@1.57.0_babel-plugin-react-compiler@1.0._b293b959dd5d72a8532b63b094f98e91/node_modules/next/dist/server/require.js
- /home/mastethepixel/GitHub/sanitycms_masterthepixel/node_modules/.pnpm/next@15.5.9_@babel+core@7.29.0_@playwright+test@1.57.0_babel-plugin-react-compiler@1.0._b293b959dd5d72a8532b63b094f98e91/node_modules/next/dist/server/load-components.js
- /home/mastethepixel/GitHub/sanitycms_masterthepixel/node_modules/.pnpm/next@15.5.9_@babel+core@7.29.0_@playwright+test@1.57.0_babel-plugin-react-compiler@1.0._b293b959dd5d72a8532b63b094f98e91/node_modules/next/dist/build/utils.js
- /home/mastethepixel/GitHub/sanitycms_masterthepixel/node_modules/.pnpm/next@15.5.9_@babel+core@7.29.0_@playwright+test@1.57.0_babel-plugin-react-compiler@1.0._b293b959dd5d72a8532b63b094f98e91/node_modules/next/dist/build/swc/options.js
- /home/mastethepixel/GitHub/sanitycms_masterthepixel/node_modules/.pnpm/next@15.5.9_@babel+core@7.29.0_@playwright+test@1.57.0_babel-plugin-react-compiler@1.0._b293b959dd5d72a8532b63b094f98e91/node_modules/next/dist/build/swc/index.js
- /home/mastethepixel/GitHub/sanitycms_masterthepixel/node_modules/.pnpm/next@15.5.9_@babel+core@7.29.0_@playwright+test@1.57.0_babel-plugin-react-compiler@1.0._b293b959dd5d72a8532b63b094f98e91/node_modules/next/dist/build/next-config-ts/transpile-config.js
- /home/mastethepixel/GitHub/sanitycms_masterthepixel/node_modules/.pnpm/next@15.5.9_@babel+core@7.29.0_@playwright+test@1.57.0_babel-plugin-react-compiler@1.0._b293b959dd5d72a8532b63b094f98e91/node_modules/next/dist/server/config.js
- /home/mastethepixel/GitHub/sanitycms_masterthepixel/node_modules/.pnpm/next@15.5.9_@babel+core@7.29.0_@playwright+test@1.57.0_babel-plugin-react-compiler@1.0._b293b959dd5d72a8532b63b094f98e91/node_modules/next/dist/server/next.js
- /home/mastethepixel/GitHub/sanitycms_masterthepixel/node_modules/.pnpm/next@15.5.9_@babel+core@7.29.0_@playwright+test@1.57.0_babel-plugin-react-compiler@1.0._b293b959dd5d72a8532b63b094f98e91/node_modules/next/dist/server/lib/start-server.js
    at Module.<anonymous> (node:internal/modules/cjs/loader:1421:15)
    at <unknown> (file:///home/mastethepixel/GitHub/sanitycms_masterthepixel/node_modules/.pnpm/next@15.5.9_@babel+core@7.29.0_@playwright+test@1.57.0_babel-plugin-react-compiler@1.0._b293b959dd5d72a8532b63b094f98e91/node_modules/next/dist/server/require-hook.js:57:36)
    at defaultResolveImpl (node:internal/modules/cjs/loader:1059:19)
    at resolveForCJSWithHooks (node:internal/modules/cjs/loader:1064:22)
    at Module._load (node:internal/modules/cjs/loader:1227:37)
    at TracingChannel.traceSync (node:diagnostics_channel:328:14)
    at wrapModuleLoad (node:internal/modules/cjs/loader:245:24)
    at Module.<anonymous> (node:internal/modules/cjs/loader:1504:12)
    at mod.require (file:///home/mastethepixel/GitHub/sanitycms_masterthepixel/node_modules/.pnpm/next@15.5.9_@babel+core@7.29.0_@playwright+test@1.57.0_babel-plugin-react-compiler@1.0._b293b959dd5d72a8532b63b094f98e91/node_modules/next/dist/server/require-hook.js:68:28)
    at require (node:internal/modules/helpers:152:16)
    at Object.<anonymous> (file:///home/mastethepixel/GitHub/sanitycms_masterthepixel/.next/server/pages/_document.js:1:7)
    at Module._compile (node:internal/modules/cjs/loader:1761:14)
    at Object..js (node:internal/modules/cjs/loader:1893:10)
    at Module.load (node:internal/modules/cjs/loader:1481:32)
    at Module._load (node:internal/modules/cjs/loader:1300:12)
    at TracingChannel.traceSync (node:diagnostics_channel:328:14)
    at wrapModuleLoad (node:internal/modules/cjs/loader:245:24)
    at Module.<anonymous> (node:internal/modules/cjs/loader:1504:12)
    at mod.require (file:///home/mastethepixel/GitHub/sanitycms_masterthepixel/node_modules/.pnpm/next@15.5.9_@babel+core@7.29.0_@playwright+test@1.57.0_babel-plugin-react-compiler@1.0._b293b959dd5d72a8532b63b094f98e91/node_modules/next/dist/server/require-hook.js:68:28)
    at require (node:internal/modules/helpers:152:16)
    at requirePage (file:///home/mastethepixel/GitHub/sanitycms_masterthepixel/node_modules/.pnpm/next@15.5.9_@babel+core@7.29.0_@playwright+test@1.57.0_babel-plugin-react-compiler@1.0._b293b959dd5d72a8532b63b094f98e91/node_modules/next/dist/server/require.js:99:80)
    at loadComponentsImpl (file:///home/mastethepixel/GitHub/sanitycms_masterthepixel/node_modules/.pnpm/next@15.5.9_@babel+core@7.29.0_@playwright+test@1.57.0_babel-plugin-react-compiler@1.0._b293b959dd5d72a8532b63b094f98e91/node_modules/next/dist/server/load-components.js:86:38)
    at DevServer.findPageComponentsImpl (file:///home/mastethepixel/GitHub/sanitycms_masterthepixel/node_modules/.pnpm/next@15.5.9_@babel+core@7.29.0_@playwright+test@1.57.0_babel-plugin-react-compiler@1.0._b293b959dd5d72a8532b63b094f98e91/node_modules/next/dist/server/next-server.js:899:77)
    at <unknown> (file:///home/mastethepixel/GitHub/sanitycms_masterthepixel/node_modules/.pnpm/next@15.5.9_@babel+core@7.29.0_@playwright+test@1.57.0_babel-plugin-react-compiler@1.0._b293b959dd5d72a8532b63b094f98e91/node_modules/next/dist/server/next-server.js:877:21)
    at <unknown> (file:///home/mastethepixel/GitHub/sanitycms_masterthepixel/node_modules/.pnpm/next@15.5.9_@babel+core@7.29.0_@playwright+test@1.57.0_babel-plugin-react-compiler@1.0._b293b959dd5d72a8532b63b094f98e91/node_modules/next/dist/server/lib/trace/tracer.js:170:36)
    at NoopContextManager.with (file:///home/mastethepixel/GitHub/sanitycms_masterthepixel/node_modules/.pnpm/next@15.5.9_@babel+core@7.29.0_@playwright+test@1.57.0_babel-plugin-react-compiler@1.0._b293b959dd5d72a8532b63b094f98e91/node_modules/next/dist/compiled/@opentelemetry/api/index.js:1:7062)
    at ContextAPI.with (file:///home/mastethepixel/GitHub/sanitycms_masterthepixel/node_modules/.pnpm/next@15.5.9_@babel+core@7.29.0_@playwright+test@1.57.0_babel-plugin-react-compiler@1.0._b293b959dd5d72a8532b63b094f98e91/node_modules/next/dist/compiled/@opentelemetry/api/index.js:1:518)
    at NoopTracer.startActiveSpan (file:///home/mastethepixel/GitHub/sanitycms_masterthepixel/node_modules/.pnpm/next@15.5.9_@babel+core@7.29.0_@playwright+test@1.57.0_babel-plugin-react-compiler@1.0._b293b959dd5d72a8532b63b094f98e91/node_modules/next/dist/compiled/@opentelemetry/api/index.js:1:18093)
    at ProxyTracer.startActiveSpan (file:///home/mastethepixel/GitHub/sanitycms_masterthepixel/node_modules/.pnpm/next@15.5.9_@babel+core@7.29.0_@playwright+test@1.57.0_babel-plugin-react-compiler@1.0._b293b959dd5d72a8532b63b094f98e91/node_modules/next/dist/compiled/@opentelemetry/api/index.js:1:18854)
    at <unknown> (file:///home/mastethepixel/GitHub/sanitycms_masterthepixel/node_modules/.pnpm/next@15.5.9_@babel+core@7.29.0_@playwright+test@1.57.0_babel-plugin-react-compiler@1.0._b293b959dd5d72a8532b63b094f98e91/node_modules/next/dist/server/lib/trace/tracer.js:152:103)
    at NoopContextManager.with (file:///home/mastethepixel/GitHub/sanitycms_masterthepixel/node_modules/.pnpm/next@15.5.9_@babel+core@7.29.0_@playwright+test@1.57.0_babel-plugin-react-compiler@1.0._b293b959dd5d72a8532b63b094f98e91/node_modules/next/dist/compiled/@opentelemetry/api/index.js:1:7062)
    at ContextAPI.with (file:///home/mastethepixel/GitHub/sanitycms_masterthepixel/node_modules/.pnpm/next@15.5.9_@babel+core@7.29.0_@playwright+test@1.57.0_babel-plugin-react-compiler@1.0._b293b959dd5d72a8532b63b094f98e91/node_modules/next/dist/compiled/@opentelemetry/api/index.js:1:518)
    at NextTracerImpl.trace (file:///home/mastethepixel/GitHub/sanitycms_masterthepixel/node_modules/.pnpm/next@15.5.9_@babel+core@7.29.0_@playwright+test@1.57.0_babel-plugin-react-compiler@1.0._b293b959dd5d72a8532b63b094f98e91/node_modules/next/dist/server/lib/trace/tracer.js:152:28)
    at DevServer.findPageComponents (file:///home/mastethepixel/GitHub/sanitycms_masterthepixel/node_modules/.pnpm/next@15.5.9_@babel+core@7.29.0_@playwright+test@1.57.0_babel-plugin-react-compiler@1.0._b293b959dd5d72a8532b63b094f98e91/node_modules/next/dist/server/next-server.js:872:41)
    at DevServer.findPageComponents (file:///home/mastethepixel/GitHub/sanitycms_masterthepixel/node_modules/.pnpm/next@15.5.9_@babel+core@7.29.0_@playwright+test@1.57.0_babel-plugin-react-compiler@1.0._b293b959dd5d72a8532b63b094f98e91/node_modules/next/dist/server/dev/next-dev-server.js:705:28)
    at async DevServer.renderErrorToResponseImpl (file:///home/mastethepixel/GitHub/sanitycms_masterthepixel/node_modules/.pnpm/next@15.5.9_@babel+core@7.29.0_@playwright+test@1.57.0_babel-plugin-react-compiler@1.0._b293b959dd5d72a8532b63b094f98e91/node_modules/next/dist/server/base-server.js:1687:26)
    at async pipe.req.req (file:///home/mastethepixel/GitHub/sanitycms_masterthepixel/node_modules/.pnpm/next@15.5.9_@babel+core@7.29.0_@playwright+test@1.57.0_babel-plugin-react-compiler@1.0._b293b959dd5d72a8532b63b094f98e91/node_modules/next/dist/server/base-server.js:1610:30)
    at async DevServer.pipeImpl (file:///home/mastethepixel/GitHub/sanitycms_masterthepixel/node_modules/.pnpm/next@15.5.9_@babel+core@7.29.0_@playwright+test@1.57.0_babel-plugin-react-compiler@1.0._b293b959dd5d72a8532b63b094f98e91/node_modules/next/dist/server/base-server.js:1025:25)
    at async NextNodeServer.handleCatchallRenderRequest (file:///home/mastethepixel/GitHub/sanitycms_masterthepixel/node_modules/.pnpm/next@15.5.9_@babel+core@7.29.0_@playwright+test@1.57.0_babel-plugin-react-compiler@1.0._b293b959dd5d72a8532b63b094f98e91/node_modules/next/dist/server/next-server.js:408:21)
    at async DevServer.handleRequestImpl (file:///home/mastethepixel/GitHub/sanitycms_masterthepixel/node_modules/.pnpm/next@15.5.9_@babel+core@7.29.0_@playwright+test@1.57.0_babel-plugin-react-compiler@1.0._b293b959dd5d72a8532b63b094f98e91/node_modules/next/dist/server/base-server.js:916:17)
    at async (file:///home/mastethepixel/GitHub/sanitycms_masterthepixel/node_modules/.pnpm/next@15.5.9_@babel+core@7.29.0_@playwright+test@1.57.0_babel-plugin-react-compiler@1.0._b293b959dd5d72a8532b63b094f98e91/node_modules/next/dist/server/dev/next-dev-server.js:399:20)
    at async Span.traceAsyncFn (file:///home/mastethepixel/GitHub/sanitycms_masterthepixel/node_modules/.pnpm/next@15.5.9_@babel+core@7.29.0_@playwright+test@1.57.0_babel-plugin-react-compiler@1.0._b293b959dd5d72a8532b63b094f98e91/node_modules/next/dist/trace/trace.js:157:20)
    at async DevServer.handleRequest (file:///home/mastethepixel/GitHub/sanitycms_masterthepixel/node_modules/.pnpm/next@15.5.9_@babel+core@7.29.0_@playwright+test@1.57.0_babel-plugin-react-compiler@1.0._b293b959dd5d72a8532b63b094f98e91/node_modules/next/dist/server/dev/next-dev-server.js:395:24)
    at async invokeRender (file:///home/mastethepixel/GitHub/sanitycms_masterthepixel/node_modules/.pnpm/next@15.5.9_@babel+core@7.29.0_@playwright+test@1.57.0_babel-plugin-react-compiler@1.0._b293b959dd5d72a8532b63b094f98e91/node_modules/next/dist/server/lib/router-server.js:240:21)
    at async handleRequest (file:///home/mastethepixel/GitHub/sanitycms_masterthepixel/node_modules/.pnpm/next@15.5.9_@babel+core@7.29.0_@playwright+test@1.57.0_babel-plugin-react-compiler@1.0._b293b959dd5d72a8532b63b094f98e91/node_modules/next/dist/server/lib/router-server.js:437:24)
    at async requestHandlerImpl (file:///home/mastethepixel/GitHub/sanitycms_masterthepixel/node_modules/.pnpm/next@15.5.9_@babel+core@7.29.0_@playwright+test@1.57.0_babel-plugin-react-compiler@1.0._b293b959dd5d72a8532b63b094f98e91/node_modules/next/dist/server/lib/router-server.js:485:13)
    at async Server.requestListener (file:///home/mastethepixel/GitHub/sanitycms_masterthepixel/node_modules/.pnpm/next@15.5.9_@babel+core@7.29.0_@playwright+test@1.57.0_babel-plugin-react-compiler@1.0._b293b959dd5d72a8532b63b094f98e91/node_modules/next/dist/server/lib/start-server.js:226:13)
[  362013ms] [ERROR] Failed to load resource: the server responded with a status of 500 (Internal Server Error) @ http://localhost:3000/:0
[  362252ms] Error: Cannot find module '../chunks/ssr/[turbopack]_runtime.js'
Require stack:
- /home/mastethepixel/GitHub/sanitycms_masterthepixel/.next/server/pages/_document.js
- /home/mastethepixel/GitHub/sanitycms_masterthepixel/node_modules/.pnpm/next@15.5.9_@babel+core@7.29.0_@playwright+test@1.57.0_babel-plugin-react-compiler@1.0._b293b959dd5d72a8532b63b094f98e91/node_modules/next/dist/server/require.js
- /home/mastethepixel/GitHub/sanitycms_masterthepixel/node_modules/.pnpm/next@15.5.9_@babel+core@7.29.0_@playwright+test@1.57.0_babel-plugin-react-compiler@1.0._b293b959dd5d72a8532b63b094f98e91/node_modules/next/dist/server/load-components.js
- /home/mastethepixel/GitHub/sanitycms_masterthepixel/node_modules/.pnpm/next@15.5.9_@babel+core@7.29.0_@playwright+test@1.57.0_babel-plugin-react-compiler@1.0._b293b959dd5d72a8532b63b094f98e91/node_modules/next/dist/build/utils.js
- /home/mastethepixel/GitHub/sanitycms_masterthepixel/node_modules/.pnpm/next@15.5.9_@babel+core@7.29.0_@playwright+test@1.57.0_babel-plugin-react-compiler@1.0._b293b959dd5d72a8532b63b094f98e91/node_modules/next/dist/build/swc/options.js
- /home/mastethepixel/GitHub/sanitycms_masterthepixel/node_modules/.pnpm/next@15.5.9_@babel+core@7.29.0_@playwright+test@1.57.0_babel-plugin-react-compiler@1.0._b293b959dd5d72a8532b63b094f98e91/node_modules/next/dist/build/swc/index.js
- /home/mastethepixel/GitHub/sanitycms_masterthepixel/node_modules/.pnpm/next@15.5.9_@babel+core@7.29.0_@playwright+test@1.57.0_babel-plugin-react-compiler@1.0._b293b959dd5d72a8532b63b094f98e91/node_modules/next/dist/build/next-config-ts/transpile-config.js
- /home/mastethepixel/GitHub/sanitycms_masterthepixel/node_modules/.pnpm/next@15.5.9_@babel+core@7.29.0_@playwright+test@1.57.0_babel-plugin-react-compiler@1.0._b293b959dd5d72a8532b63b094f98e91/node_modules/next/dist/server/config.js
- /home/mastethepixel/GitHub/sanitycms_masterthepixel/node_modules/.pnpm/next@15.5.9_@babel+core@7.29.0_@playwright+test@1.57.0_babel-plugin-react-compiler@1.0._b293b959dd5d72a8532b63b094f98e91/node_modules/next/dist/server/next.js
- /home/mastethepixel/GitHub/sanitycms_masterthepixel/node_modules/.pnpm/next@15.5.9_@babel+core@7.29.0_@playwright+test@1.57.0_babel-plugin-react-compiler@1.0._b293b959dd5d72a8532b63b094f98e91/node_modules/next/dist/server/lib/start-server.js
    at Module.<anonymous> (node:internal/modules/cjs/loader:1421:15)
    at <unknown> (file:///home/mastethepixel/GitHub/sanitycms_masterthepixel/node_modules/.pnpm/next@15.5.9_@babel+core@7.29.0_@playwright+test@1.57.0_babel-plugin-react-compiler@1.0._b293b959dd5d72a8532b63b094f98e91/node_modules/next/dist/server/require-hook.js:57:36)
    at defaultResolveImpl (node:internal/modules/cjs/loader:1059:19)
    at resolveForCJSWithHooks (node:internal/modules/cjs/loader:1064:22)
    at Module._load (node:internal/modules/cjs/loader:1227:37)
    at TracingChannel.traceSync (node:diagnostics_channel:328:14)
    at wrapModuleLoad (node:internal/modules/cjs/loader:245:24)
    at Module.<anonymous> (node:internal/modules/cjs/loader:1504:12)
    at mod.require (file:///home/mastethepixel/GitHub/sanitycms_masterthepixel/node_modules/.pnpm/next@15.5.9_@babel+core@7.29.0_@playwright+test@1.57.0_babel-plugin-react-compiler@1.0._b293b959dd5d72a8532b63b094f98e91/node_modules/next/dist/server/require-hook.js:68:28)
    at require (node:internal/modules/helpers:152:16)
    at Object.<anonymous> (file:///home/mastethepixel/GitHub/sanitycms_masterthepixel/.next/server/pages/_document.js:1:7)
    at Module._compile (node:internal/modules/cjs/loader:1761:14)
    at Object..js (node:internal/modules/cjs/loader:1893:10)
    at Module.load (node:internal/modules/cjs/loader:1481:32)
    at Module._load (node:internal/modules/cjs/loader:1300:12)
    at TracingChannel.traceSync (node:diagnostics_channel:328:14)
    at wrapModuleLoad (node:internal/modules/cjs/loader:245:24)
    at Module.<anonymous> (node:internal/modules/cjs/loader:1504:12)
    at mod.require (file:///home/mastethepixel/GitHub/sanitycms_masterthepixel/node_modules/.pnpm/next@15.5.9_@babel+core@7.29.0_@playwright+test@1.57.0_babel-plugin-react-compiler@1.0._b293b959dd5d72a8532b63b094f98e91/node_modules/next/dist/server/require-hook.js:68:28)
    at require (node:internal/modules/helpers:152:16)
    at requirePage (file:///home/mastethepixel/GitHub/sanitycms_masterthepixel/node_modules/.pnpm/next@15.5.9_@babel+core@7.29.0_@playwright+test@1.57.0_babel-plugin-react-compiler@1.0._b293b959dd5d72a8532b63b094f98e91/node_modules/next/dist/server/require.js:99:80)
    at loadComponentsImpl (file:///home/mastethepixel/GitHub/sanitycms_masterthepixel/node_modules/.pnpm/next@15.5.9_@babel+core@7.29.0_@playwright+test@1.57.0_babel-plugin-react-compiler@1.0._b293b959dd5d72a8532b63b094f98e91/node_modules/next/dist/server/load-components.js:86:38)
    at DevServer.findPageComponentsImpl (file:///home/mastethepixel/GitHub/sanitycms_masterthepixel/node_modules/.pnpm/next@15.5.9_@babel+core@7.29.0_@playwright+test@1.57.0_babel-plugin-react-compiler@1.0._b293b959dd5d72a8532b63b094f98e91/node_modules/next/dist/server/next-server.js:899:77)
    at <unknown> (file:///home/mastethepixel/GitHub/sanitycms_masterthepixel/node_modules/.pnpm/next@15.5.9_@babel+core@7.29.0_@playwright+test@1.57.0_babel-plugin-react-compiler@1.0._b293b959dd5d72a8532b63b094f98e91/node_modules/next/dist/server/next-server.js:877:21)
    at <unknown> (file:///home/mastethepixel/GitHub/sanitycms_masterthepixel/node_modules/.pnpm/next@15.5.9_@babel+core@7.29.0_@playwright+test@1.57.0_babel-plugin-react-compiler@1.0._b293b959dd5d72a8532b63b094f98e91/node_modules/next/dist/server/lib/trace/tracer.js:170:36)
    at NoopContextManager.with (file:///home/mastethepixel/GitHub/sanitycms_masterthepixel/node_modules/.pnpm/next@15.5.9_@babel+core@7.29.0_@playwright+test@1.57.0_babel-plugin-react-compiler@1.0._b293b959dd5d72a8532b63b094f98e91/node_modules/next/dist/compiled/@opentelemetry/api/index.js:1:7062)
    at ContextAPI.with (file:///home/mastethepixel/GitHub/sanitycms_masterthepixel/node_modules/.pnpm/next@15.5.9_@babel+core@7.29.0_@playwright+test@1.57.0_babel-plugin-react-compiler@1.0._b293b959dd5d72a8532b63b094f98e91/node_modules/next/dist/compiled/@opentelemetry/api/index.js:1:518)
    at NoopTracer.startActiveSpan (file:///home/mastethepixel/GitHub/sanitycms_masterthepixel/node_modules/.pnpm/next@15.5.9_@babel+core@7.29.0_@playwright+test@1.57.0_babel-plugin-react-compiler@1.0._b293b959dd5d72a8532b63b094f98e91/node_modules/next/dist/compiled/@opentelemetry/api/index.js:1:18093)
    at ProxyTracer.startActiveSpan (file:///home/mastethepixel/GitHub/sanitycms_masterthepixel/node_modules/.pnpm/next@15.5.9_@babel+core@7.29.0_@playwright+test@1.57.0_babel-plugin-react-compiler@1.0._b293b959dd5d72a8532b63b094f98e91/node_modules/next/dist/compiled/@opentelemetry/api/index.js:1:18854)
    at <unknown> (file:///home/mastethepixel/GitHub/sanitycms_masterthepixel/node_modules/.pnpm/next@15.5.9_@babel+core@7.29.0_@playwright+test@1.57.0_babel-plugin-react-compiler@1.0._b293b959dd5d72a8532b63b094f98e91/node_modules/next/dist/server/lib/trace/tracer.js:152:103)
    at NoopContextManager.with (file:///home/mastethepixel/GitHub/sanitycms_masterthepixel/node_modules/.pnpm/next@15.5.9_@babel+core@7.29.0_@playwright+test@1.57.0_babel-plugin-react-compiler@1.0._b293b959dd5d72a8532b63b094f98e91/node_modules/next/dist/compiled/@opentelemetry/api/index.js:1:7062)
    at ContextAPI.with (file:///home/mastethepixel/GitHub/sanitycms_masterthepixel/node_modules/.pnpm/next@15.5.9_@babel+core@7.29.0_@playwright+test@1.57.0_babel-plugin-react-compiler@1.0._b293b959dd5d72a8532b63b094f98e91/node_modules/next/dist/compiled/@opentelemetry/api/index.js:1:518)
    at NextTracerImpl.trace (file:///home/mastethepixel/GitHub/sanitycms_masterthepixel/node_modules/.pnpm/next@15.5.9_@babel+core@7.29.0_@playwright+test@1.57.0_babel-plugin-react-compiler@1.0._b293b959dd5d72a8532b63b094f98e91/node_modules/next/dist/server/lib/trace/tracer.js:152:28)
    at DevServer.findPageComponents (file:///home/mastethepixel/GitHub/sanitycms_masterthepixel/node_modules/.pnpm/next@15.5.9_@babel+core@7.29.0_@playwright+test@1.57.0_babel-plugin-react-compiler@1.0._b293b959dd5d72a8532b63b094f98e91/node_modules/next/dist/server/next-server.js:872:41)
    at DevServer.findPageComponents (file:///home/mastethepixel/GitHub/sanitycms_masterthepixel/node_modules/.pnpm/next@15.5.9_@babel+core@7.29.0_@playwright+test@1.57.0_babel-plugin-react-compiler@1.0._b293b959dd5d72a8532b63b094f98e91/node_modules/next/dist/server/dev/next-dev-server.js:705:28)
    at async DevServer.renderErrorToResponseImpl (file:///home/mastethepixel/GitHub/sanitycms_masterthepixel/node_modules/.pnpm/next@15.5.9_@babel+core@7.29.0_@playwright+test@1.57.0_babel-plugin-react-compiler@1.0._b293b959dd5d72a8532b63b094f98e91/node_modules/next/dist/server/base-server.js:1687:26)
    at async pipe.req.req (file:///home/mastethepixel/GitHub/sanitycms_masterthepixel/node_modules/.pnpm/next@15.5.9_@babel+core@7.29.0_@playwright+test@1.57.0_babel-plugin-react-compiler@1.0._b293b959dd5d72a8532b63b094f98e91/node_modules/next/dist/server/base-server.js:1610:30)
    at async DevServer.pipeImpl (file:///home/mastethepixel/GitHub/sanitycms_masterthepixel/node_modules/.pnpm/next@15.5.9_@babel+core@7.29.0_@playwright+test@1.57.0_babel-plugin-react-compiler@1.0._b293b959dd5d72a8532b63b094f98e91/node_modules/next/dist/server/base-server.js:1025:25)
    at async NextNodeServer.handleCatchallRenderRequest (file:///home/mastethepixel/GitHub/sanitycms_masterthepixel/node_modules/.pnpm/next@15.5.9_@babel+core@7.29.0_@playwright+test@1.57.0_babel-plugin-react-compiler@1.0._b293b959dd5d72a8532b63b094f98e91/node_modules/next/dist/server/next-server.js:408:21)
    at async DevServer.handleRequestImpl (file:///home/mastethepixel/GitHub/sanitycms_masterthepixel/node_modules/.pnpm/next@15.5.9_@babel+core@7.29.0_@playwright+test@1.57.0_babel-plugin-react-compiler@1.0._b293b959dd5d72a8532b63b094f98e91/node_modules/next/dist/server/base-server.js:916:17)
    at async (file:///home/mastethepixel/GitHub/sanitycms_masterthepixel/node_modules/.pnpm/next@15.5.9_@babel+core@7.29.0_@playwright+test@1.57.0_babel-plugin-react-compiler@1.0._b293b959dd5d72a8532b63b094f98e91/node_modules/next/dist/server/dev/next-dev-server.js:399:20)
    at async Span.traceAsyncFn (file:///home/mastethepixel/GitHub/sanitycms_masterthepixel/node_modules/.pnpm/next@15.5.9_@babel+core@7.29.0_@playwright+test@1.57.0_babel-plugin-react-compiler@1.0._b293b959dd5d72a8532b63b094f98e91/node_modules/next/dist/trace/trace.js:157:20)
    at async DevServer.handleRequest (file:///home/mastethepixel/GitHub/sanitycms_masterthepixel/node_modules/.pnpm/next@15.5.9_@babel+core@7.29.0_@playwright+test@1.57.0_babel-plugin-react-compiler@1.0._b293b959dd5d72a8532b63b094f98e91/node_modules/next/dist/server/dev/next-dev-server.js:395:24)
    at async invokeRender (file:///home/mastethepixel/GitHub/sanitycms_masterthepixel/node_modules/.pnpm/next@15.5.9_@babel+core@7.29.0_@playwright+test@1.57.0_babel-plugin-react-compiler@1.0._b293b959dd5d72a8532b63b094f98e91/node_modules/next/dist/server/lib/router-server.js:240:21)
    at async handleRequest (file:///home/mastethepixel/GitHub/sanitycms_masterthepixel/node_modules/.pnpm/next@15.5.9_@babel+core@7.29.0_@playwright+test@1.57.0_babel-plugin-react-compiler@1.0._b293b959dd5d72a8532b63b094f98e91/node_modules/next/dist/server/lib/router-server.js:437:24)
    at async requestHandlerImpl (file:///home/mastethepixel/GitHub/sanitycms_masterthepixel/node_modules/.pnpm/next@15.5.9_@babel+core@7.29.0_@playwright+test@1.57.0_babel-plugin-react-compiler@1.0._b293b959dd5d72a8532b63b094f98e91/node_modules/next/dist/server/lib/router-server.js:485:13)
    at async Server.requestListener (file:///home/mastethepixel/GitHub/sanitycms_masterthepixel/node_modules/.pnpm/next@15.5.9_@babel+core@7.29.0_@playwright+test@1.57.0_babel-plugin-react-compiler@1.0._b293b959dd5d72a8532b63b094f98e91/node_modules/next/dist/server/lib/start-server.js:226:13)
[  394745ms] [ERROR] Each child in a list should have a unique "key" prop.%s%s See https://react.dev/link/warning-keys for more information. 

Check the render method of `CarouselContent`.  It was passed a child from TestimonialBlock. @ http://localhost:3002/_next/static/chunks/16630_next_dist_aaf84379._.js:2359
[  395172ms] [WARNING] Image with src "/assets/placeholder-cover.jpg" has either width or height modified, but not the other. If you use CSS to change the size of your image, also include the styles 'width: "auto"' or 'height: "auto"' to maintain the aspect ratio. @ http://localhost:3002/_next/static/chunks/16630_next_dist_aaf84379._.js:968
[  397140ms] [ERROR] Failed to load resource: the server responded with a status of 404 (Not Found) @ http://localhost:3002/favicon.ico:0
[  406339ms] [WARNING] Detected `scroll-behavior: smooth` on the `<html>` element. In a future version, Next.js will no longer automatically disable smooth scrolling during route transitions. To prepare for this change, add `data-scroll-behavior="smooth"` to your <html> element. Learn more: https://nextjs.org/docs/messages/missing-data-scroll-behavior @ http://localhost:3002/_next/static/chunks/16630_next_dist_aaf84379._.js:968
[  406526ms] ReferenceError: heroBlock is not defined
    at _createMdxContent (eval at MDXRemote.useMemo[Content] (http://localhost:3002/_next/static/chunks/node_modules__pnpm_ba31c948._.js:416:39), <anonymous>:13:12)
    at MDXContent (eval at MDXRemote.useMemo[Content] (http://localhost:3002/_next/static/chunks/node_modules__pnpm_ba31c948._.js:416:39), <anonymous>:34:14)
    at Object.react_stack_bottom_frame (http://localhost:3002/_next/static/chunks/16630_next_dist_compiled_react-dom_180a08a4._.js:13072:24)
    at renderWithHooks (http://localhost:3002/_next/static/chunks/16630_next_dist_compiled_react-dom_180a08a4._.js:4091:24)
    at updateFunctionComponent (http://localhost:3002/_next/static/chunks/16630_next_dist_compiled_react-dom_180a08a4._.js:5523:21)
    at beginWork (http://localhost:3002/_next/static/chunks/16630_next_dist_compiled_react-dom_180a08a4._.js:6111:24)
    at runWithFiberInDEV (http://localhost:3002/_next/static/chunks/16630_next_dist_compiled_react-dom_180a08a4._.js:886:74)
    at performUnitOfWork (http://localhost:3002/_next/static/chunks/16630_next_dist_compiled_react-dom_180a08a4._.js:8298:97)
    at workLoopSync (http://localhost:3002/_next/static/chunks/16630_next_dist_compiled_react-dom_180a08a4._.js:8190:40)
    at renderRootSync (http://localhost:3002/_next/static/chunks/16630_next_dist_compiled_react-dom_180a08a4._.js:8173:13)
    at performWorkOnRoot (http://localhost:3002/_next/static/chunks/16630_next_dist_compiled_react-dom_180a08a4._.js:7932:56)
    at performWorkOnRootViaSchedulerTask (http://localhost:3002/_next/static/chunks/16630_next_dist_compiled_react-dom_180a08a4._.js:8882:9)
    at MessagePort.performWorkUntilDeadline (http://localhost:3002/_next/static/chunks/16630_next_dist_compiled_1be7264c._.js:2601:64)
[  419730ms] [ERROR] Each child in a list should have a unique "key" prop.%s%s See https://react.dev/link/warning-keys for more information. 

Check the render method of `CarouselContent`.  It was passed a child from TestimonialBlock. @ http://localhost:3002/_next/static/chunks/16630_next_dist_aaf84379._.js:2359
[  419903ms] [WARNING] Image with src "/assets/placeholder-cover.jpg" has either width or height modified, but not the other. If you use CSS to change the size of your image, also include the styles 'width: "auto"' or 'height: "auto"' to maintain the aspect ratio. @ http://localhost:3002/_next/static/chunks/16630_next_dist_aaf84379._.js:968
[  425985ms] [ERROR] Encountered two children with the same key, `%s`. Keys should be unique so that components maintain their identity across updates. Non-unique keys may cause children to be duplicated and/or omitted — the behavior is unsupported and could change in a future version. services @ http://localhost:3002/_next/static/chunks/16630_next_dist_aaf84379._.js:2359
[  425985ms] [ERROR] Encountered two children with the same key, `%s`. Keys should be unique so that components maintain their identity across updates. Non-unique keys may cause children to be duplicated and/or omitted — the behavior is unsupported and could change in a future version. services @ http://localhost:3002/_next/static/chunks/16630_next_dist_aaf84379._.js:2359
[  425986ms] [ERROR] Encountered two children with the same key, `%s`. Keys should be unique so that components maintain their identity across updates. Non-unique keys may cause children to be duplicated and/or omitted — the behavior is unsupported and could change in a future version. services @ http://localhost:3002/_next/static/chunks/16630_next_dist_aaf84379._.js:2359
[  425987ms] [ERROR] Encountered two children with the same key, `%s`. Keys should be unique so that components maintain their identity across updates. Non-unique keys may cause children to be duplicated and/or omitted — the behavior is unsupported and could change in a future version. services @ http://localhost:3002/_next/static/chunks/16630_next_dist_aaf84379._.js:2359
[  426018ms] [ERROR] Encountered two children with the same key, `%s`. Keys should be unique so that components maintain their identity across updates. Non-unique keys may cause children to be duplicated and/or omitted — the behavior is unsupported and could change in a future version. services @ http://localhost:3002/_next/static/chunks/16630_next_dist_aaf84379._.js:2359
[  426019ms] [ERROR] Encountered two children with the same key, `%s`. Keys should be unique so that components maintain their identity across updates. Non-unique keys may cause children to be duplicated and/or omitted — the behavior is unsupported and could change in a future version. services @ http://localhost:3002/_next/static/chunks/16630_next_dist_aaf84379._.js:2359
[  426019ms] [ERROR] Encountered two children with the same key, `%s`. Keys should be unique so that components maintain their identity across updates. Non-unique keys may cause children to be duplicated and/or omitted — the behavior is unsupported and could change in a future version. services @ http://localhost:3002/_next/static/chunks/16630_next_dist_aaf84379._.js:2359
[  426019ms] [ERROR] Encountered two children with the same key, `%s`. Keys should be unique so that components maintain their identity across updates. Non-unique keys may cause children to be duplicated and/or omitted — the behavior is unsupported and could change in a future version. services @ http://localhost:3002/_next/static/chunks/16630_next_dist_aaf84379._.js:2359
[  426029ms] [ERROR] Encountered two children with the same key, `%s`. Keys should be unique so that components maintain their identity across updates. Non-unique keys may cause children to be duplicated and/or omitted — the behavior is unsupported and could change in a future version. services @ http://localhost:3002/_next/static/chunks/16630_next_dist_aaf84379._.js:2359
[  426029ms] [ERROR] Encountered two children with the same key, `%s`. Keys should be unique so that components maintain their identity across updates. Non-unique keys may cause children to be duplicated and/or omitted — the behavior is unsupported and could change in a future version. services @ http://localhost:3002/_next/static/chunks/16630_next_dist_aaf84379._.js:2359
[  426029ms] [ERROR] Encountered two children with the same key, `%s`. Keys should be unique so that components maintain their identity across updates. Non-unique keys may cause children to be duplicated and/or omitted — the behavior is unsupported and could change in a future version. services @ http://localhost:3002/_next/static/chunks/16630_next_dist_aaf84379._.js:2359
[  426030ms] [ERROR] Encountered two children with the same key, `%s`. Keys should be unique so that components maintain their identity across updates. Non-unique keys may cause children to be duplicated and/or omitted — the behavior is unsupported and could change in a future version. services @ http://localhost:3002/_next/static/chunks/16630_next_dist_aaf84379._.js:2359
[  426032ms] [ERROR] Encountered two children with the same key, `%s`. Keys should be unique so that components maintain their identity across updates. Non-unique keys may cause children to be duplicated and/or omitted — the behavior is unsupported and could change in a future version. services @ http://localhost:3002/_next/static/chunks/16630_next_dist_aaf84379._.js:2359
[  426033ms] [ERROR] Encountered two children with the same key, `%s`. Keys should be unique so that components maintain their identity across updates. Non-unique keys may cause children to be duplicated and/or omitted — the behavior is unsupported and could change in a future version. services @ http://localhost:3002/_next/static/chunks/16630_next_dist_aaf84379._.js:2359
[  426033ms] [ERROR] Encountered two children with the same key, `%s`. Keys should be unique so that components maintain their identity across updates. Non-unique keys may cause children to be duplicated and/or omitted — the behavior is unsupported and could change in a future version. services @ http://localhost:3002/_next/static/chunks/16630_next_dist_aaf84379._.js:2359
[  426033ms] [ERROR] Encountered two children with the same key, `%s`. Keys should be unique so that components maintain their identity across updates. Non-unique keys may cause children to be duplicated and/or omitted — the behavior is unsupported and could change in a future version. services @ http://localhost:3002/_next/static/chunks/16630_next_dist_aaf84379._.js:2359
[  426064ms] [ERROR] Encountered two children with the same key, `%s`. Keys should be unique so that components maintain their identity across updates. Non-unique keys may cause children to be duplicated and/or omitted — the behavior is unsupported and could change in a future version. services @ http://localhost:3002/_next/static/chunks/16630_next_dist_aaf84379._.js:2359
[  426065ms] [ERROR] Encountered two children with the same key, `%s`. Keys should be unique so that components maintain their identity across updates. Non-unique keys may cause children to be duplicated and/or omitted — the behavior is unsupported and could change in a future version. services @ http://localhost:3002/_next/static/chunks/16630_next_dist_aaf84379._.js:2359
[  426066ms] [ERROR] Encountered two children with the same key, `%s`. Keys should be unique so that components maintain their identity across updates. Non-unique keys may cause children to be duplicated and/or omitted — the behavior is unsupported and could change in a future version. services @ http://localhost:3002/_next/static/chunks/16630_next_dist_aaf84379._.js:2359
[  426066ms] [ERROR] Encountered two children with the same key, `%s`. Keys should be unique so that components maintain their identity across updates. Non-unique keys may cause children to be duplicated and/or omitted — the behavior is unsupported and could change in a future version. services @ http://localhost:3002/_next/static/chunks/16630_next_dist_aaf84379._.js:2359
[  431033ms] [ERROR] Encountered two children with the same key, `%s`. Keys should be unique so that components maintain their identity across updates. Non-unique keys may cause children to be duplicated and/or omitted — the behavior is unsupported and could change in a future version. services @ http://localhost:3002/_next/static/chunks/16630_next_dist_aaf84379._.js:2359
[  431033ms] [ERROR] Encountered two children with the same key, `%s`. Keys should be unique so that components maintain their identity across updates. Non-unique keys may cause children to be duplicated and/or omitted — the behavior is unsupported and could change in a future version. services @ http://localhost:3002/_next/static/chunks/16630_next_dist_aaf84379._.js:2359
[  431034ms] [ERROR] Encountered two children with the same key, `%s`. Keys should be unique so that components maintain their identity across updates. Non-unique keys may cause children to be duplicated and/or omitted — the behavior is unsupported and could change in a future version. services @ http://localhost:3002/_next/static/chunks/16630_next_dist_aaf84379._.js:2359
[  431034ms] [ERROR] Encountered two children with the same key, `%s`. Keys should be unique so that components maintain their identity across updates. Non-unique keys may cause children to be duplicated and/or omitted — the behavior is unsupported and could change in a future version. services @ http://localhost:3002/_next/static/chunks/16630_next_dist_aaf84379._.js:2359
[  431042ms] [ERROR] Encountered two children with the same key, `%s`. Keys should be unique so that components maintain their identity across updates. Non-unique keys may cause children to be duplicated and/or omitted — the behavior is unsupported and could change in a future version. services @ http://localhost:3002/_next/static/chunks/16630_next_dist_aaf84379._.js:2359
[  431042ms] [ERROR] Encountered two children with the same key, `%s`. Keys should be unique so that components maintain their identity across updates. Non-unique keys may cause children to be duplicated and/or omitted — the behavior is unsupported and could change in a future version. services @ http://localhost:3002/_next/static/chunks/16630_next_dist_aaf84379._.js:2359
[  431042ms] [ERROR] Encountered two children with the same key, `%s`. Keys should be unique so that components maintain their identity across updates. Non-unique keys may cause children to be duplicated and/or omitted — the behavior is unsupported and could change in a future version. services @ http://localhost:3002/_next/static/chunks/16630_next_dist_aaf84379._.js:2359
[  431043ms] [ERROR] Encountered two children with the same key, `%s`. Keys should be unique so that components maintain their identity across updates. Non-unique keys may cause children to be duplicated and/or omitted — the behavior is unsupported and could change in a future version. services @ http://localhost:3002/_next/static/chunks/16630_next_dist_aaf84379._.js:2359
[  437209ms] [ERROR] Encountered two children with the same key, `%s`. Keys should be unique so that components maintain their identity across updates. Non-unique keys may cause children to be duplicated and/or omitted — the behavior is unsupported and could change in a future version. sample-post @ http://localhost:3002/_next/static/chunks/16630_next_dist_aaf84379._.js:2359
[  437398ms] [WARNING] Detected `scroll-behavior: smooth` on the `<html>` element. In a future version, Next.js will no longer automatically disable smooth scrolling during route transitions. To prepare for this change, add `data-scroll-behavior="smooth"` to your <html> element. Learn more: https://nextjs.org/docs/messages/missing-data-scroll-behavior @ http://localhost:3002/_next/static/chunks/16630_next_dist_aaf84379._.js:968
