[   11214ms] [ERROR] An empty string ("") was passed to the %s attribute. This may cause the browser to download the whole page again over the network. To fix this, either do not render the element at all or pass null to %s instead of an empty string. src src @ http://localhost:3001/_next/static/chunks/16630_next_dist_aaf84379._.js:2359
[   11224ms] [ERROR] An empty string ("") was passed to the %s attribute. This may cause the browser to download the whole page again over the network. To fix this, either do not render the element at all or pass null to %s instead of an empty string. src src @ http://localhost:3001/_next/static/chunks/16630_next_dist_aaf84379._.js:2359
[   11315ms] [ERROR] An empty string ("") was passed to the %s attribute. This may cause the browser to download the whole page again over the network. To fix this, either do not render the element at all or pass null to %s instead of an empty string. src src @ http://localhost:3001/_next/static/chunks/16630_next_dist_aaf84379._.js:2359
[   11336ms] [ERROR] An empty string ("") was passed to the %s attribute. This may cause the browser to download the whole page again over the network. To fix this, either do not render the element at all or pass null to %s instead of an empty string. src src @ http://localhost:3001/_next/static/chunks/16630_next_dist_aaf84379._.js:2359
[   11363ms] [ERROR] Each child in a list should have a unique "key" prop.%s%s See https://react.dev/link/warning-keys for more information. 

Check the render method of `CarouselContent`.  It was passed a child from TestimonialBlock. @ http://localhost:3001/_next/static/chunks/16630_next_dist_aaf84379._.js:2359
[   11372ms] [ERROR] An empty string ("") was passed to the %s attribute. This may cause the browser to download the whole page again over the network. To fix this, either do not render the element at all or pass null to %s instead of an empty string. src src @ http://localhost:3001/_next/static/chunks/16630_next_dist_aaf84379._.js:2359
[   11378ms] [ERROR] An empty string ("") was passed to the %s attribute. This may cause the browser to download the whole page again over the network. To fix this, either do not render the element at all or pass null to %s instead of an empty string. src src @ http://localhost:3001/_next/static/chunks/16630_next_dist_aaf84379._.js:2359
[   11385ms] [ERROR] An empty string ("") was passed to the %s attribute. This may cause the browser to download the whole page again over the network. To fix this, either do not render the element at all or pass null to %s instead of an empty string. src src @ http://localhost:3001/_next/static/chunks/16630_next_dist_aaf84379._.js:2359
[   11387ms] [ERROR] An empty string ("") was passed to the %s attribute. This may cause the browser to download the whole page again over the network. To fix this, either do not render the element at all or pass null to %s instead of an empty string. src src @ http://localhost:3001/_next/static/chunks/16630_next_dist_aaf84379._.js:2359
[   11391ms] [ERROR] An empty string ("") was passed to the %s attribute. This may cause the browser to download the whole page again over the network. To fix this, either do not render the element at all or pass null to %s instead of an empty string. src src @ http://localhost:3001/_next/static/chunks/16630_next_dist_aaf84379._.js:2359
[   11395ms] [ERROR] An empty string ("") was passed to the %s attribute. This may cause the browser to download the whole page again over the network. To fix this, either do not render the element at all or pass null to %s instead of an empty string. src src @ http://localhost:3001/_next/static/chunks/16630_next_dist_aaf84379._.js:2359
[   11408ms] [ERROR] Image is missing required "src" property: JSHandle@node @ http://localhost:3001/_next/static/chunks/16630_next_dist_aaf84379._.js:2359
[   11413ms] [ERROR] Image is missing required "src" property: JSHandle@node @ http://localhost:3001/_next/static/chunks/16630_next_dist_aaf84379._.js:2359
[   11417ms] [ERROR] Image is missing required "src" property: JSHandle@node @ http://localhost:3001/_next/static/chunks/16630_next_dist_aaf84379._.js:2359
[   11421ms] [ERROR] Image is missing required "src" property: JSHandle@node @ http://localhost:3001/_next/static/chunks/16630_next_dist_aaf84379._.js:2359
[   11425ms] [ERROR] Image is missing required "src" property: JSHandle@node @ http://localhost:3001/_next/static/chunks/16630_next_dist_aaf84379._.js:2359
[   11428ms] [ERROR] Image is missing required "src" property: JSHandle@node @ http://localhost:3001/_next/static/chunks/16630_next_dist_aaf84379._.js:2359
[   11431ms] [ERROR] Image is missing required "src" property: JSHandle@node @ http://localhost:3001/_next/static/chunks/16630_next_dist_aaf84379._.js:2359
[   11435ms] [ERROR] Image is missing required "src" property: JSHandle@node @ http://localhost:3001/_next/static/chunks/16630_next_dist_aaf84379._.js:2359
[   11442ms] [ERROR] Image is missing required "src" property: JSHandle@node @ http://localhost:3001/_next/static/chunks/16630_next_dist_aaf84379._.js:2359
[   11446ms] [ERROR] Image is missing required "src" property: JSHandle@node @ http://localhost:3001/_next/static/chunks/16630_next_dist_aaf84379._.js:2359
[   11449ms] [ERROR] Image is missing required "src" property: JSHandle@node @ http://localhost:3001/_next/static/chunks/16630_next_dist_aaf84379._.js:2359
[   11452ms] [ERROR] Image is missing required "src" property: JSHandle@node @ http://localhost:3001/_next/static/chunks/16630_next_dist_aaf84379._.js:2359
[   11454ms] [ERROR] Image is missing required "src" property: JSHandle@node @ http://localhost:3001/_next/static/chunks/16630_next_dist_aaf84379._.js:2359
[   11456ms] [ERROR] Image is missing required "src" property: JSHandle@node @ http://localhost:3001/_next/static/chunks/16630_next_dist_aaf84379._.js:2359
[   11459ms] [ERROR] Image is missing required "src" property: JSHandle@node @ http://localhost:3001/_next/static/chunks/16630_next_dist_aaf84379._.js:2359
[   11461ms] [ERROR] Image is missing required "src" property: JSHandle@node @ http://localhost:3001/_next/static/chunks/16630_next_dist_aaf84379._.js:2359
[   11510ms] [WARNING] Image with src "" has either width or height modified, but not the other. If you use CSS to change the size of your image, also include the styles 'width: "auto"' or 'height: "auto"' to maintain the aspect ratio. @ http://localhost:3001/_next/static/chunks/16630_next_dist_aaf84379._.js:968
[   13764ms] [ERROR] Failed to load resource: the server responded with a status of 404 (Not Found) @ http://localhost:3001/favicon.ico:0
[   99503ms] [WARNING] Image with src "/assets/placeholder-cover.jpg" has either width or height modified, but not the other. If you use CSS to change the size of your image, also include the styles 'width: "auto"' or 'height: "auto"' to maintain the aspect ratio. @ http://localhost:3001/_next/static/chunks/16630_next_dist_aaf84379._.js:968
